            --------------------------------------------------------
                             AMBER SQM VERSION 19
 
                                     By
              Ross C. Walker, Michael F. Crowley, Scott Brozell,
                         Tim Giese, Andreas W. Goetz,
                        Tai-Sung Lee and David A. Case
 
            --------------------------------------------------------
 

--------------------------------------------------------------------------------
  QM CALCULATION INFO
--------------------------------------------------------------------------------

| QMMM: Citation for AMBER QMMM Run:
| QMMM: R.C. Walker, M.F. Crowley and D.A. Case, J. COMP. CHEM. 29:1019, 2008

QMMM: SINGLET STATE CALCULATION
QMMM: RHF CALCULATION, NO. OF DOUBLY OCCUPIED LEVELS = 13

| QMMM: *** Selected Hamiltonian *** 
| QMMM: AM1         

| QMMM: *** Parameter sets in use ***
| QMMM: C : M.J.S.DEWAR et al. JACS, 107, 3902, (1985)
| QMMM: H : M.J.S.DEWAR et al. JACS, 107, 3902, (1985)
| QMMM: O : M.J.S.DEWAR et al. JACS, 107, 3902, (1985)

| QMMM: *** SCF convergence criteria ***
| QMMM: Energy change                :  0.1D-09 kcal/mol
| QMMM: Error matrix |FP-PF|         :  0.1D+00 au
| QMMM: Density matrix change        :  0.5D-06
| QMMM: Maximum number of SCF cycles :     1000

| QMMM: *** Diagonalization Routine Information ***
| QMMM: Pseudo diagonalizations are allowed.
| QMMM: Auto diagonalization routine selection is in use.
| QMMM:
| QMMM: Timing diagonalization routines:
| QMMM:                              norbs =       24
| QMMM:    diag iterations used for timing =       20
| QMMM:
| QMMM:              Internal diag routine = 0.001012 seconds
| QMMM:                 Dspev diag routine = 0.001348 seconds
| QMMM:                Dspevd diag routine = 0.001444 seconds
| QMMM:                Dspevx diag routine = 0.005617 seconds
| QMMM:                 Dsyev diag routine = 0.001337 seconds
| QMMM:                Dsyevd diag routine = 0.001405 seconds
| QMMM:                Dsyevr diag routine = 0.001700 seconds
| QMMM:
| QMMM:                Pseudo diag routine = 0.000192 seconds
| QMMM:
| QMMM: Using internal diagonalization routine (diag_routine=1).

  QMMM: QM Region Cartesian Coordinates (*=link atom) 
  QMMM: QM_NO.   MM_NO.  ATOM         X         Y         Z
  QMMM:     1        1      C       -1.3760    0.6380   -0.0000
  QMMM:     2        2      H       -1.3090    1.2910    0.8710
  QMMM:     3        3      H       -1.3090    1.2910   -0.8710
  QMMM:     4        4      H       -2.3290    0.1090   -0.0000
  QMMM:     5        5      C       -0.1090   -0.2010    0.0000
  QMMM:     6        6      H       -0.1760   -0.8540    0.8710
  QMMM:     7        7      H       -0.1760   -0.8540   -0.8710
  QMMM:     8        8      C        1.1590    0.6380    0.0000
  QMMM:     9        9      H        1.0920    1.2910    0.8710
  QMMM:    10       10      H        1.0920    1.2910   -0.8710
  QMMM:    11       11      O        2.3290   -0.2010    0.0000
  QMMM:    12       12      H        3.0560    0.4490    0.0000

--------------------------------------------------------------------------------
  RESULTS
--------------------------------------------------------------------------------

      iter         sqm energy              rms gradient
      ----    -------------------    -----------------------
xmin    10      -69.6080 kcal/mol        0.1238 kcal/(mol*A)
xmin    20      -69.6093 kcal/mol        0.0192 kcal/(mol*A)
xmin    30      -69.6094 kcal/mol        0.0213 kcal/(mol*A)
xmin    40      -69.6095 kcal/mol        0.0078 kcal/(mol*A)
xmin    50      -69.6095 kcal/mol        0.0062 kcal/(mol*A)
xmin    60      -69.6095 kcal/mol        0.0033 kcal/(mol*A)
xmin    70      -69.6095 kcal/mol        0.0028 kcal/(mol*A)
xmin    80      -69.6095 kcal/mol        0.0040 kcal/(mol*A)
xmin    90      -69.6095 kcal/mol        0.0017 kcal/(mol*A)
  ... geometry converged !
 
 Final MO eigenvalues (eV):
 -38.2759  -33.9863  -26.6553  -22.0504  -18.1752  -16.4859  -15.5112  -14.1067
 -13.3457  -13.0212  -11.8224  -11.8123  -10.8453    3.4887    3.7838    4.0662
   4.2113    4.3424    4.5843    4.8059    4.9272    5.0599    5.1612    6.2901


 Heat of formation   =        -69.60949545 kcal/mol  (       -3.01849423 eV)

 Total SCF energy    =     -18809.12862684 kcal/mol  (     -815.62502176 eV)
 Electronic energy   =     -60323.35794301 kcal/mol  (    -2615.81709132 eV)
 Core-core repulsion =      41514.22931617 kcal/mol  (     1800.19206956 eV)
 
    Atomic Charges for Step       1 :
  Atom    Element       Mulliken Charge
     1      C                 -0.212
     2      H                  0.072
     3      H                  0.072
     4      H                  0.077
     5      C                 -0.164
     6      H                  0.094
     7      H                  0.094
     8      C                 -0.019
     9      H                  0.059
    10      H                  0.059
    11      O                 -0.330
    12      H                  0.197
 Total Mulliken Charge =      -0.000
 
                  X        Y        Z     TOTAL  
  QM DIPOLE    -0.214    1.522   -0.004    1.537
 
 Final Structure

  QMMM: QM Region Cartesian Coordinates (*=link atom) 
  QMMM: QM_NO.   MM_NO.  ATOM         X         Y         Z
  QMMM:     1        1      C       -1.3624    0.6665   -0.0039
  QMMM:     2        2      H       -1.3949    1.3217    0.9002
  QMMM:     3        3      H       -1.3908    1.3186   -0.9104
  QMMM:     4        4      H       -2.2747    0.0223   -0.0049
  QMMM:     5        5      C       -0.1240   -0.1894    0.0004
  QMMM:     6        6      H       -0.1124   -0.8537    0.9036
  QMMM:     7        7      H       -0.1084   -0.8571   -0.9003
  QMMM:     8        8      C        1.1276    0.6717    0.0016
  QMMM:     9        9      H        1.1548    1.3276    0.9131
  QMMM:    10       10      H        1.1594    1.3235   -0.9128
  QMMM:    11       11      O        2.2406   -0.2088    0.0063
  QMMM:    12       12      H        3.0292    0.3451    0.0070

           --------- Calculation Completed ----------

