                :-) GROMACS - gmx mdrun, 2024.5-conda_forge (-:

Copyright 1991-2024 The GROMACS Authors.
GROMACS is free software; you can redistribute it and/or modify it
under the terms of the GNU Lesser General Public License
as published by the Free Software Foundation; either version 2.1
of the License, or (at your option) any later version.

                         Current GROMACS contributors:
       Mark Abraham           Andrey Alekseenko           Vladimir Basov      
      Cathrine Bergh            Eliane Briand               Ania Brown        
      Mahesh Doijade            Giacomo Fiorin          Stefan Fleischmann    
      Sergey Gorelov         Gilles Gouaillardet            Alan Gray         
     M. Eric Irrgang         Farzaneh Jalalypour            Joe Jordan        
     Carsten Kutzner           Justin A. Lemkul          Magnus Lundborg      
       Pascal Merz              Vedran Miletic            Dmitry Morozov      
       Julien Nabet              Szilard Pall        Andrea Pasquadibisceglie 
    Michele Pellegrino          Hubert Santuz             Roland Schulz       
     Tatiana Shugaeva          Alexey Shvetsov            Philip Turner       
     Alessandra Villa      Sebastian Wingbermuehle  

                         Previous GROMACS contributors:
        Emile Apol             Rossen Apostolov           James Barnett       
        Paul Bauer          Herman J.C. Berendsen          Par Bjelkmar       
      Christian Blau          Viacheslav Bolnykh            Kevin Boyd        
    Aldert van Buuren          Carlo Camilloni           Rudi van Drunen      
      Anton Feenstra           Oliver Fleetwood            Vytas Gapsys       
       Gaurav Garg             Gerrit Groenhof            Bert de Groot       
      Anca Hamuraru           Vincent Hindriksen          Victor Holanda      
     Aleksei Iupinov          Christoph Junghans        Prashanth Kanduri     
   Dimitrios Karkoulis           Peter Kasson             Sebastian Kehl      
     Sebastian Keller             Jiri Kraus               Per Larsson        
      Viveca Lindahl            Erik Marklund           Pieter Meulenhoff     
      Teemu Murtola              Sander Pronk             Michael Shirts      
      Alfons Sijbers            Balint Soproni         David van der Spoel    
      Peter Tieleman            Carsten Uphoff             Jon Vincent        
     Teemu Virolainen         Christian Wennberg           Maarten Wolf       
      Artem Zhmurov       

                  Coordinated by the GROMACS project leaders:
                           Berk Hess and Erik Lindahl

GROMACS:      gmx mdrun, version 2024.5-conda_forge
Executable:   /home/torikh/miniconda3/bin.AVX2_256/gmx
Data prefix:  /home/torikh/miniconda3
Working dir:  /home/torikh/workplace/simulations/VLE_MEOH_PROH_Attempt
Process ID:   380084
Command line:
  gmx mdrun -deffnm system_em -v

GROMACS version:     2024.5-conda_forge
Precision:           mixed
Memory model:        64 bit
MPI library:         thread_mpi
OpenMP support:      enabled (GMX_OPENMP_MAX_THREADS = 128)
GPU support:         OpenCL
NBNxM GPU setup:     super-cluster 2x2x2 / cluster 8
SIMD instructions:   AVX2_256
CPU FFT library:     fftw-3.3.10-sse2-avx
GPU FFT library:     clFFT
Multi-GPU FFT:       none
RDTSCP usage:        disabled
TNG support:         enabled
Hwloc support:       disabled
Tracing support:     disabled
C compiler:          /home/conda/feedstock_root/build_artifacts/gromacs_1737879903961/_build_env/bin/x86_64-conda-linux-gnu-cc GNU 13.3.0
C compiler flags:    -fexcess-precision=fast -funroll-all-loops -mavx2 -mfma -Wno-missing-field-initializers -O3 -DNDEBUG
C++ compiler:        /home/conda/feedstock_root/build_artifacts/gromacs_1737879903961/_build_env/bin/x86_64-conda-linux-gnu-c++ GNU 13.3.0
C++ compiler flags:  -fexcess-precision=fast -funroll-all-loops -mavx2 -mfma -Wno-missing-field-initializers -Wno-cast-function-type-strict SHELL:-fopenmp -O3 -DNDEBUG
BLAS library:        Internal
LAPACK library:      Internal
OpenCL include dir:  /home/torikh/miniconda3/include
OpenCL library:      /home/torikh/miniconda3/lib/libOpenCL.so
OpenCL version:      3.0


Running on 1 node with total 2 cores, 4 processing units (GPU detection failed)
Hardware detected on host tori-server1:
  CPU info:
    Vendor: Intel
    Brand:  Intel(R) Core(TM) i3-4170 CPU @ 3.70GHz
    Family: 6   Model: 60   Stepping: 3
    Features: aes apic avx avx2 clfsh cmov cx8 cx16 f16c fma htt intel lahf mmx msr nonstop_tsc pcid pclmuldq pdcm pdpe1gb popcnt pse rdrnd rdtscp sse2 sse3 sse4.1 sse4.2 ssse3 tdt
  Hardware topology: Basic
    Packages, cores, and logical processors:
    [indices refer to OS logical processors]
      Package  0: [   0   2] [   1   3]
    CPU limit set by OS: -1   Recommended max number of threads: 4

The current CPU can measure timings more accurately than the code in
gmx mdrun was configured to use. This might affect your simulation
speed as accurate timings are needed for load-balancing.
Please consider rebuilding gmx mdrun with the GMX_USE_RDTSCP=ON CMake option.

++++ PLEASE READ AND CITE THE FOLLOWING REFERENCE ++++
M. J. Abraham, T. Murtola, R. Schulz, S. Páll, J. C. Smith, B. Hess, E.
Lindahl
GROMACS: High performance molecular simulations through multi-level
parallelism from laptops to supercomputers
SoftwareX 1 (2015) pp. 19-25
-------- -------- --- Thank You --- -------- --------


++++ PLEASE READ AND CITE THE FOLLOWING REFERENCE ++++
S. Páll, M. J. Abraham, C. Kutzner, B. Hess, E. Lindahl
Tackling Exascale Software Challenges in Molecular Dynamics Simulations with
GROMACS
In S. Markidis & E. Laure (Eds.), Solving Software Challenges for Exascale 8759 (2015) pp. 3-27
-------- -------- --- Thank You --- -------- --------


++++ PLEASE READ AND CITE THE FOLLOWING REFERENCE ++++
S. Pronk, S. Páll, R. Schulz, P. Larsson, P. Bjelkmar, R. Apostolov, M. R.
Shirts, J. C. Smith, P. M. Kasson, D. van der Spoel, B. Hess, and E. Lindahl
GROMACS 4.5: a high-throughput and highly parallel open source molecular
simulation toolkit
Bioinformatics 29 (2013) pp. 845-54
-------- -------- --- Thank You --- -------- --------


++++ PLEASE READ AND CITE THE FOLLOWING REFERENCE ++++
B. Hess and C. Kutzner and D. van der Spoel and E. Lindahl
GROMACS 4: Algorithms for highly efficient, load-balanced, and scalable
molecular simulation
J. Chem. Theory Comput. 4 (2008) pp. 435-447
-------- -------- --- Thank You --- -------- --------


++++ PLEASE READ AND CITE THE FOLLOWING REFERENCE ++++
D. van der Spoel, E. Lindahl, B. Hess, G. Groenhof, A. E. Mark and H. J. C.
Berendsen
GROMACS: Fast, Flexible and Free
J. Comp. Chem. 26 (2005) pp. 1701-1719
-------- -------- --- Thank You --- -------- --------


++++ PLEASE READ AND CITE THE FOLLOWING REFERENCE ++++
E. Lindahl and B. Hess and D. van der Spoel
GROMACS 3.0: A package for molecular simulation and trajectory analysis
J. Mol. Mod. 7 (2001) pp. 306-317
-------- -------- --- Thank You --- -------- --------


++++ PLEASE READ AND CITE THE FOLLOWING REFERENCE ++++
H. J. C. Berendsen, D. van der Spoel and R. van Drunen
GROMACS: A message-passing parallel molecular dynamics implementation
Comp. Phys. Comm. 91 (1995) pp. 43-56
-------- -------- --- Thank You --- -------- --------

Input Parameters:
   integrator                     = steep
   tinit                          = 0
   dt                             = 0.001
   nsteps                         = 5000
   init-step                      = 0
   simulation-part                = 1
   mts                            = false
   mass-repartition-factor        = 1
   comm-mode                      = Linear
   nstcomm                        = 100
   bd-fric                        = 0
   ld-seed                        = 976994303
   emtol                          = 1000
   emstep                         = 0.01
   niter                          = 20
   fcstep                         = 0
   nstcgsteep                     = 1000
   nbfgscorr                      = 10
   rtpi                           = 0.05
   nstxout                        = 0
   nstvout                        = 0
   nstfout                        = 0
   nstlog                         = 1000
   nstcalcenergy                  = 100
   nstenergy                      = 1000
   nstxout-compressed             = 0
   compressed-x-precision         = 1000
   cutoff-scheme                  = Verlet
   nstlist                        = 20
   pbc                            = xyz
   periodic-molecules             = false
   verlet-buffer-tolerance        = 0.005
   verlet-buffer-pressure-tolerance = 0.5
   rlist                          = 1.26
   coulombtype                    = PME
   coulomb-modifier               = Potential-shift
   rcoulomb-switch                = 0
   rcoulomb                       = 1.2
   epsilon-r                      = 1
   epsilon-rf                     = inf
   vdw-type                       = Cut-off
   vdw-modifier                   = Potential-shift
   rvdw-switch                    = 0
   rvdw                           = 1.2
   DispCorr                       = No
   table-extension                = 1
   fourierspacing                 = 0.12
   fourier-nx                     = 36
   fourier-ny                     = 36
   fourier-nz                     = 36
   pme-order                      = 4
   ewald-rtol                     = 1e-05
   ewald-rtol-lj                  = 0.001
   lj-pme-comb-rule               = Geometric
   ewald-geometry                 = 3d
   epsilon-surface                = 0
   ensemble-temperature-setting   = not available
   tcoupl                         = No
   nsttcouple                     = -1
   nh-chain-length                = 0
   print-nose-hoover-chain-variables = false
   pcoupl                         = No
   refcoord-scaling               = No
   posres-com (3):
      posres-com[0]= 0.00000e+00
      posres-com[1]= 0.00000e+00
      posres-com[2]= 0.00000e+00
   posres-comB (3):
      posres-comB[0]= 0.00000e+00
      posres-comB[1]= 0.00000e+00
      posres-comB[2]= 0.00000e+00
   QMMM                           = false
qm-opts:
   ngQM                           = 0
   constraint-algorithm           = Lincs
   continuation                   = false
   Shake-SOR                      = false
   shake-tol                      = 0.0001
   lincs-order                    = 4
   lincs-iter                     = 1
   lincs-warnangle                = 30
   nwall                          = 0
   wall-type                      = 9-3
   wall-r-linpot                  = -1
   wall-atomtype[0]               = -1
   wall-atomtype[1]               = -1
   wall-density[0]                = 0
   wall-density[1]                = 0
   wall-ewald-zfac                = 3
   pull                           = false
   awh                            = false
   rotation                       = false
   interactiveMD                  = false
   disre                          = No
   disre-weighting                = Conservative
   disre-mixed                    = false
   dr-fc                          = 1000
   dr-tau                         = 0
   nstdisreout                    = 100
   orire-fc                       = 0
   orire-tau                      = 0
   nstorireout                    = 100
   free-energy                    = no
   cos-acceleration               = 0
   deform (3x3):
      deform[    0]={ 0.00000e+00,  0.00000e+00,  0.00000e+00}
      deform[    1]={ 0.00000e+00,  0.00000e+00,  0.00000e+00}
      deform[    2]={ 0.00000e+00,  0.00000e+00,  0.00000e+00}
   simulated-tempering            = false
   swapcoords                     = no
   userint1                       = 0
   userint2                       = 0
   userint3                       = 0
   userint4                       = 0
   userreal1                      = 0
   userreal2                      = 0
   userreal3                      = 0
   userreal4                      = 0
   applied-forces:
     electric-field:
       x:
         E0                       = 0
         omega                    = 0
         t0                       = 0
         sigma                    = 0
       y:
         E0                       = 0
         omega                    = 0
         t0                       = 0
         sigma                    = 0
       z:
         E0                       = 0
         omega                    = 0
         t0                       = 0
         sigma                    = 0
     density-guided-simulation:
       active                     = false
       group                      = protein
       similarity-measure         = inner-product
       atom-spreading-weight      = unity
       force-constant             = 1e+09
       gaussian-transform-spreading-width = 0.2
       gaussian-transform-spreading-range-in-multiples-of-width = 4
       reference-density-filename = reference.mrc
       nst                        = 1
       normalize-densities        = true
       adaptive-force-scaling     = false
       adaptive-force-scaling-time-constant = 4
       shift-vector               = 
       transformation-matrix      = 
     qmmm-cp2k:
       active                     = false
       qmgroup                    = System
       qmmethod                   = PBE
       qmfilenames                = 
       qmcharge                   = 0
       qmmultiplicity             = 1
     colvars:
       active                     = false
       configfile                 = 
       seed                       = -1
grpopts:
   nrdf:        7197
   ref-t:           0
   tau-t:           0
annealing:          No
annealing-npoints:           0
   acc:	           0           0           0
   nfreeze:           N           N           N
   energygrp-flags[  0]: 0


When checking whether update groups are usable:
  No constraints or virtual sites are in use, so it is best not to use update groups

Initializing Domain Decomposition on 1 ranks
NOTE: disabling dynamic load balancing as it is only supported with dynamics, not with integrator 'steep'.
Dynamic load balancing: off
Minimum cell size due to atom displacement: 0.060 nm
Initial maximum distances in bonded interactions:
    two-body bonded interactions: 0.380 nm, LJ-14, atoms 1669 1679
  multi-body bonded interactions: 0.380 nm, Ryckaert-Bell., atoms 1669 1679
Minimum cell size due to bonded interactions: 0.418 nm
Using 0 separate PME ranks because: there are too few total ranks for efficient splitting
Optimizing the DD grid for 1 cells with a minimum initial size of 0.418 nm
The maximum allowed number of cells is: X 9 Y 9 Z 9
Domain decomposition grid 1 x 1 x 1, separate PME ranks 0
PME domain decomposition: 1 x 1 x 1

The initial number of communication pulses is:
The initial domain decomposition cell size is:

The maximum allowed distance for atoms involved in interactions is:
                 non-bonded interactions           1.260 nm
            two-body bonded interactions  (-rdd)   1.260 nm
          multi-body bonded interactions  (-rdd)   1.260 nm

Using 1 MPI thread
Using 4 OpenMP threads 

System total charge: -0.100
Will do PME sum in reciprocal space for electrostatic interactions.

++++ PLEASE READ AND CITE THE FOLLOWING REFERENCE ++++
U. Essmann, L. Perera, M. L. Berkowitz, T. Darden, H. Lee and L. G. Pedersen 
A smooth particle mesh Ewald method
J. Chem. Phys. 103 (1995) pp. 8577-8592
-------- -------- --- Thank You --- -------- --------

Using a Gaussian width (1/beta) of 0.384195 nm for Ewald
Potential shift: LJ r^-12: -1.122e-01 r^-6: -3.349e-01, Ewald -8.333e-06
Initialized non-bonded Coulomb Ewald tables, spacing: 1.02e-03 size: 1176

Generated table with 1130 data points for 1-4 COUL.
Tabscale = 500 points/nm
Generated table with 1130 data points for 1-4 LJ6.
Tabscale = 500 points/nm
Generated table with 1130 data points for 1-4 LJ12.
Tabscale = 500 points/nm


Using SIMD4xM 4x8 nonbonded short-range kernels

Using a 4x8 pair-list setup:
  updated every 20 steps, buffer 0.060 nm, rlist 1.260 nm

Using Lorentz-Berthelot Lennard-Jones combination rule
Removing pbc first time

Linking all bonded interactions to atoms


Pinning threads with an auto-selected logical cpu stride of 1

Note that activating steepest-descent energy minimization via the integrator .mdp option and the command gmx mdrun may be available in a different form in a future version of GROMACS, e.g. gmx minimize and an .mdp option.
Initiating Steepest Descents

Atom distribution over 1 domains: av 2400 stddev 0 min 2400 max 2400
Started Steepest Descents on rank 0 Sat Jun 21 10:05:52 2025


Steepest Descents:
   Tolerance (Fmax)   =  1.00000e+03
   Number of steps    =         5000
           Step           Time
              0        0.00000

   Energies (kJ/mol)
           Bond          Angle Ryckaert-Bell.          LJ-14     Coulomb-14
    1.77831e+04    5.00944e+04    1.05733e+03    2.44444e+02    3.21314e+03
        LJ (SR)   Coulomb (SR)   Coul. recip.      Potential Pressure (bar)
    5.47434e+03   -4.56817e+02    4.19265e+02    7.78292e+04    2.55348e+04

           Step           Time
              1        1.00000

   Energies (kJ/mol)
           Bond          Angle Ryckaert-Bell.          LJ-14     Coulomb-14
    1.57618e+04    4.84015e+04    1.05293e+03    2.45455e+02    3.20873e+03
        LJ (SR)   Coulomb (SR)   Coul. recip.      Potential Pressure (bar)
    2.67289e+03   -4.62117e+02    4.25627e+02    7.13068e+04    2.23474e+04

           Step           Time
              2        2.00000

   Energies (kJ/mol)
           Bond          Angle Ryckaert-Bell.          LJ-14     Coulomb-14
    9.92538e+03    4.27414e+04    1.03818e+03    2.47539e+02    3.19226e+03
        LJ (SR)   Coulomb (SR)   Coul. recip.      Potential Pressure (bar)
    1.13230e+03   -4.81164e+02    4.49062e+02    5.82450e+04    1.94283e+04

           Step           Time
              3        3.00000

   Energies (kJ/mol)
           Bond          Angle Ryckaert-Bell.          LJ-14     Coulomb-14
    3.86142e+03    2.35374e+04    9.85779e+02    2.52922e+02    3.12123e+03
        LJ (SR)   Coulomb (SR)   Coul. recip.      Potential Pressure (bar)
    3.42846e+02   -5.80501e+02    5.68837e+02    3.20899e+04    8.28419e+03

           Step           Time
              4        4.00000

   Energies (kJ/mol)
           Bond          Angle Ryckaert-Bell.          LJ-14     Coulomb-14
    8.33964e+02    1.35040e+04    9.27364e+02    2.50762e+02    3.10106e+03
        LJ (SR)   Coulomb (SR)   Coul. recip.      Potential Pressure (bar)
    2.74910e+01   -6.65184e+02    5.99088e+02    1.85786e+04    3.96308e+03

           Step           Time
              5        5.00000

   Energies (kJ/mol)
           Bond          Angle Ryckaert-Bell.          LJ-14     Coulomb-14
    3.77073e+03    6.87295e+03    8.98814e+02    2.47310e+02    3.03719e+03
        LJ (SR)   Coulomb (SR)   Coul. recip.      Potential Pressure (bar)
   -2.55498e+02   -6.62233e+02    5.95793e+02    1.45051e+04    8.49024e+02

           Step           Time
              6        6.00000

   Energies (kJ/mol)
           Bond          Angle Ryckaert-Bell.          LJ-14     Coulomb-14
    2.65254e+03    7.29644e+03    8.90039e+02    2.36958e+02    3.05380e+03
        LJ (SR)   Coulomb (SR)   Coul. recip.      Potential Pressure (bar)
   -2.43226e+02   -6.72290e+02    5.68973e+02    1.37832e+04    7.21130e+03

           Step           Time
              7        7.00000

   Energies (kJ/mol)
           Bond          Angle Ryckaert-Bell.          LJ-14     Coulomb-14
    4.80324e+03    3.49496e+03    8.76975e+02    2.37373e+02    2.98096e+03
        LJ (SR)   Coulomb (SR)   Coul. recip.      Potential Pressure (bar)
   -3.31488e+02   -7.01799e+02    6.16444e+02    1.19767e+04   -1.43267e+03

           Step           Time
              8        8.00000

           Step           Time
              9        9.00000

   Energies (kJ/mol)
           Bond          Angle Ryckaert-Bell.          LJ-14     Coulomb-14
    2.80933e+02    3.78364e+03    8.76409e+02    2.33118e+02    2.99719e+03
        LJ (SR)   Coulomb (SR)   Coul. recip.      Potential Pressure (bar)
   -4.55981e+02   -6.77641e+02    5.71343e+02    7.60901e+03    4.90995e+03

           Step           Time
             10       10.00000

           Step           Time
             11       11.00000

   Energies (kJ/mol)
           Bond          Angle Ryckaert-Bell.          LJ-14     Coulomb-14
    6.73123e+02    2.60122e+03    8.70250e+02    2.27763e+02    2.96102e+03
        LJ (SR)   Coulomb (SR)   Coul. recip.      Potential Pressure (bar)
   -4.51102e+02   -7.00638e+02    5.89249e+02    6.77088e+03    2.26383e+03

           Step           Time
             12       12.00000

   Energies (kJ/mol)
           Bond          Angle Ryckaert-Bell.          LJ-14     Coulomb-14
    4.07734e+02    2.37206e+03    8.67874e+02    2.24901e+02    2.95438e+03
        LJ (SR)   Coulomb (SR)   Coul. recip.      Potential Pressure (bar)
   -5.53257e+02   -6.83777e+02    5.59372e+02    6.14928e+03    5.21627e+03

           Step           Time
             13       13.00000

   Energies (kJ/mol)
           Bond          Angle Ryckaert-Bell.          LJ-14     Coulomb-14
    7.86440e+02    1.64863e+03    8.64154e+02    2.21268e+02    2.91983e+03
        LJ (SR)   Coulomb (SR)   Coul. recip.      Potential Pressure (bar)
   -5.30961e+02   -7.10277e+02    5.82302e+02    5.78139e+03    1.80719e+03

           Step           Time
             14       14.00000

   Energies (kJ/mol)
           Bond          Angle Ryckaert-Bell.          LJ-14     Coulomb-14
    6.72328e+02    1.61279e+03    8.62976e+02    2.18967e+02    2.91833e+03
        LJ (SR)   Coulomb (SR)   Coul. recip.      Potential Pressure (bar)
   -6.39548e+02   -6.88818e+02    5.47902e+02    5.50494e+03    5.42512e+03

           Step           Time
             15       15.00000

   Energies (kJ/mol)
           Bond          Angle Ryckaert-Bell.          LJ-14     Coulomb-14
    1.10999e+03    1.09771e+03    8.60136e+02    2.15825e+02    2.88257e+03
        LJ (SR)   Coulomb (SR)   Coul. recip.      Potential Pressure (bar)
   -5.97755e+02   -7.21370e+02    5.77085e+02    5.42419e+03    1.08736e+03

           Step           Time
             16       16.00000

           Step           Time
             17       17.00000

   Energies (kJ/mol)
           Bond          Angle Ryckaert-Bell.          LJ-14     Coulomb-14
    1.18112e+02    1.07322e+03    8.59913e+02    2.14734e+02    2.88547e+03
        LJ (SR)   Coulomb (SR)   Coul. recip.      Potential Pressure (bar)
   -6.69846e+02   -7.07071e+02    5.56064e+02    4.33060e+03    3.55304e+03

           Step           Time
             18       18.00000

   Energies (kJ/mol)
           Bond          Angle Ryckaert-Bell.          LJ-14     Coulomb-14
    5.48098e+02    3.86553e+02    8.53117e+02    2.03005e+02    2.80275e+03
        LJ (SR)   Coulomb (SR)   Coul. recip.      Potential Pressure (bar)
   -7.94394e+02   -7.38253e+02    5.46417e+02    3.80729e+03    1.31894e+03

           Step           Time
             19       19.00000

   Energies (kJ/mol)
           Bond          Angle Ryckaert-Bell.          LJ-14     Coulomb-14
    2.04283e+02    3.82156e+02    8.53115e+02    2.02000e+02    2.80565e+03
        LJ (SR)   Coulomb (SR)   Coul. recip.      Potential Pressure (bar)
   -8.59441e+02   -7.27771e+02    5.30398e+02    3.39039e+03    3.37896e+03

           Step           Time
             20       20.00000

           Step           Time
             21       21.00000

   Energies (kJ/mol)
           Bond          Angle Ryckaert-Bell.          LJ-14     Coulomb-14
    1.21336e+02    3.25122e+02    8.52308e+02    2.00489e+02    2.79358e+03
        LJ (SR)   Coulomb (SR)   Coul. recip.      Potential Pressure (bar)
   -8.58489e+02   -7.39197e+02    5.35427e+02    3.23058e+03    2.19253e+03

           Step           Time
             22       22.00000

           Step           Time
             23       23.00000

   Energies (kJ/mol)
           Bond          Angle Ryckaert-Bell.          LJ-14     Coulomb-14
    6.70180e+01    3.16323e+02    8.52053e+02    1.99504e+02    2.79096e+03
        LJ (SR)   Coulomb (SR)   Coul. recip.      Potential Pressure (bar)
   -8.88533e+02   -7.38275e+02    5.29409e+02    3.12846e+03    2.78175e+03

           Step           Time
             24       24.00000

   Energies (kJ/mol)
           Bond          Angle Ryckaert-Bell.          LJ-14     Coulomb-14
    1.50948e+02    2.66015e+02    8.50784e+02    1.96770e+02    2.77465e+03
        LJ (SR)   Coulomb (SR)   Coul. recip.      Potential Pressure (bar)
   -9.12227e+02   -7.51817e+02    5.29619e+02    3.10475e+03    1.87193e+03

           Step           Time
             25       25.00000

   Energies (kJ/mol)
           Bond          Angle Ryckaert-Bell.          LJ-14     Coulomb-14
    8.21747e+01    2.64733e+02    8.50561e+02    1.95842e+02    2.77375e+03
        LJ (SR)   Coulomb (SR)   Coul. recip.      Potential Pressure (bar)
   -9.44871e+02   -7.49886e+02    5.22657e+02    2.99496e+03    2.66637e+03

           Step           Time
             26       26.00000

           Step           Time
             27       27.00000

   Energies (kJ/mol)
           Bond          Angle Ryckaert-Bell.          LJ-14     Coulomb-14
    5.59797e+01    2.40722e+02    8.49898e+02    1.94671e+02    2.76690e+03
        LJ (SR)   Coulomb (SR)   Coul. recip.      Potential Pressure (bar)
   -9.50422e+02   -7.57168e+02    5.23925e+02    2.92451e+03    2.11002e+03

           Step           Time
             28       28.00000

   Energies (kJ/mol)
           Bond          Angle Ryckaert-Bell.          LJ-14     Coulomb-14
    9.42318e+01    2.32391e+02    8.49137e+02    1.92799e+02    2.76097e+03
        LJ (SR)   Coulomb (SR)   Coul. recip.      Potential Pressure (bar)
   -9.88972e+02   -7.61188e+02    5.17614e+02    2.89698e+03    2.52410e+03

           Step           Time
             29       29.00000

   Energies (kJ/mol)
           Bond          Angle Ryckaert-Bell.          LJ-14     Coulomb-14
    7.79839e+01    2.08903e+02    8.48325e+02    1.91479e+02    2.75341e+03
        LJ (SR)   Coulomb (SR)   Coul. recip.      Potential Pressure (bar)
   -9.92221e+02   -7.70514e+02    5.19644e+02    2.83701e+03    1.78996e+03

           Step           Time
             30       30.00000

           Step           Time
             31       31.00000

   Energies (kJ/mol)
           Bond          Angle Ryckaert-Bell.          LJ-14     Coulomb-14
    3.81237e+01    2.06779e+02    8.48081e+02    1.90826e+02    2.75245e+03
        LJ (SR)   Coulomb (SR)   Coul. recip.      Potential Pressure (bar)
   -1.01030e+03   -7.71034e+02    5.16353e+02    2.77127e+03    2.13460e+03

           Step           Time
             32       32.00000

   Energies (kJ/mol)
           Bond          Angle Ryckaert-Bell.          LJ-14     Coulomb-14
    9.53558e+01    1.80950e+02    8.46348e+02    1.87572e+02    2.73890e+03
        LJ (SR)   Coulomb (SR)   Coul. recip.      Potential Pressure (bar)
   -1.04464e+03   -7.87958e+02    5.13855e+02    2.73038e+03    1.50544e+03

           Step           Time
             33       33.00000

   Energies (kJ/mol)
           Bond          Angle Ryckaert-Bell.          LJ-14     Coulomb-14
    4.16198e+01    1.80736e+02    8.46131e+02    1.86966e+02    2.73901e+03
        LJ (SR)   Coulomb (SR)   Coul. recip.      Potential Pressure (bar)
   -1.06505e+03   -7.87888e+02    5.09991e+02    2.65152e+03    1.98718e+03

           Step           Time
             34       34.00000

           Step           Time
             35       35.00000

   Energies (kJ/mol)
           Bond          Angle Ryckaert-Bell.          LJ-14     Coulomb-14
    4.19133e+01    1.70412e+02    8.45420e+02    1.85832e+02    2.73435e+03
        LJ (SR)   Coulomb (SR)   Coul. recip.      Potential Pressure (bar)
   -1.07352e+03   -7.95184e+02    5.09931e+02    2.61915e+03    1.63203e+03

           Step           Time
             36       36.00000

   Energies (kJ/mol)
           Bond          Angle Ryckaert-Bell.          LJ-14     Coulomb-14
    4.66393e+01    1.69771e+02    8.44934e+02    1.84846e+02    2.73270e+03
        LJ (SR)   Coulomb (SR)   Coul. recip.      Potential Pressure (bar)
   -1.09507e+03   -7.98405e+02    5.06538e+02    2.59195e+03    1.91070e+03

           Step           Time
             37       37.00000

   Energies (kJ/mol)
           Bond          Angle Ryckaert-Bell.          LJ-14     Coulomb-14
    5.86989e+01    1.59463e+02    8.44120e+02    1.83611e+02    2.72757e+03
        LJ (SR)   Coulomb (SR)   Coul. recip.      Potential Pressure (bar)
   -1.10197e+03   -8.07226e+02    5.06895e+02    2.57116e+03    1.43805e+03

           Step           Time
             38       38.00000

   Energies (kJ/mol)
           Bond          Angle Ryckaert-Bell.          LJ-14     Coulomb-14
    6.02202e+01    1.61660e+02    8.43781e+02    1.82854e+02    2.72734e+03
        LJ (SR)   Coulomb (SR)   Coul. recip.      Potential Pressure (bar)
   -1.12371e+03   -8.08879e+02    5.03153e+02    2.54641e+03    1.86272e+03

           Step           Time
             39       39.00000

           Step           Time
             40       40.00000

   Energies (kJ/mol)
           Bond          Angle Ryckaert-Bell.          LJ-14     Coulomb-14
    2.71055e+01    1.53276e+02    8.43308e+02    1.82188e+02    2.72451e+03
        LJ (SR)   Coulomb (SR)   Coul. recip.      Potential Pressure (bar)
   -1.12595e+03   -8.14097e+02    5.03626e+02    2.49397e+03    1.55634e+03


Steepest Descents converged to Fmax < 1000 in 41 steps
Potential Energy  =  2.4939675e+03
Maximum force     =  9.1556299e+02 on atom 2363
Norm of force     =  8.3557272e+01

    D O M A I N   D E C O M P O S I T I O N   S T A T I S T I C S

 av. #atoms communicated per step for force:  2 x 0.0

Finished mdrun on rank 0 Sat Jun 21 10:05:52 2025

