                :-) GROMACS - gmx mdrun, 2024.5-conda_forge (-:

Copyright 1991-2024 The GROMACS Authors.
GROMACS is free software; you can redistribute it and/or modify it
under the terms of the GNU Lesser General Public License
as published by the Free Software Foundation; either version 2.1
of the License, or (at your option) any later version.

                         Current GROMACS contributors:
       Mark Abraham           Andrey Alekseenko           Vladimir Basov      
      Cathrine Bergh            Eliane Briand               Ania Brown        
      Mahesh Doijade            Giacomo Fiorin          Stefan Fleischmann    
      Sergey Gorelov         Gilles Gouaillardet            Alan Gray         
     M. Eric Irrgang         Farzaneh Jalalypour            Joe Jordan        
     Carsten Kutzner           Justin A. Lemkul          Magnus Lundborg      
       Pascal Merz              Vedran Miletic            Dmitry Morozov      
       Julien Nabet              Szilard Pall        Andrea Pasquadibisceglie 
    Michele Pellegrino          Hubert Santuz             Roland Schulz       
     Tatiana Shugaeva          Alexey Shvetsov            Philip Turner       
     Alessandra Villa      Sebastian Wingbermuehle  

                         Previous GROMACS contributors:
        Emile Apol             Rossen Apostolov           James Barnett       
        Paul Bauer          Herman J.C. Berendsen          Par Bjelkmar       
      Christian Blau          Viacheslav Bolnykh            Kevin Boyd        
    Aldert van Buuren          Carlo Camilloni           Rudi van Drunen      
      Anton Feenstra           Oliver Fleetwood            Vytas Gapsys       
       Gaurav Garg             Gerrit Groenhof            Bert de Groot       
      Anca Hamuraru           Vincent Hindriksen          Victor Holanda      
     Aleksei Iupinov          Christoph Junghans        Prashanth Kanduri     
   Dimitrios Karkoulis           Peter Kasson             Sebastian Kehl      
     Sebastian Keller             Jiri Kraus               Per Larsson        
      Viveca Lindahl            Erik Marklund           Pieter Meulenhoff     
      Teemu Murtola              Sander Pronk             Michael Shirts      
      Alfons Sijbers            Balint Soproni         David van der Spoel    
      Peter Tieleman            Carsten Uphoff             Jon Vincent        
     Teemu Virolainen         Christian Wennberg           Maarten Wolf       
      Artem Zhmurov       

                  Coordinated by the GROMACS project leaders:
                           Berk Hess and Erik Lindahl

GROMACS:      gmx mdrun, version 2024.5-conda_forge
Executable:   /home/torikh/miniconda3/bin.AVX2_256/gmx
Data prefix:  /home/torikh/miniconda3
Working dir:  /home/torikh/workplace/simulations/VLE_MEOH_PROH_Attempt
Process ID:   380093
Command line:
  gmx mdrun -deffnm system_nvt -v

GROMACS version:     2024.5-conda_forge
Precision:           mixed
Memory model:        64 bit
MPI library:         thread_mpi
OpenMP support:      enabled (GMX_OPENMP_MAX_THREADS = 128)
GPU support:         OpenCL
NBNxM GPU setup:     super-cluster 2x2x2 / cluster 8
SIMD instructions:   AVX2_256
CPU FFT library:     fftw-3.3.10-sse2-avx
GPU FFT library:     clFFT
Multi-GPU FFT:       none
RDTSCP usage:        disabled
TNG support:         enabled
Hwloc support:       disabled
Tracing support:     disabled
C compiler:          /home/conda/feedstock_root/build_artifacts/gromacs_1737879903961/_build_env/bin/x86_64-conda-linux-gnu-cc GNU 13.3.0
C compiler flags:    -fexcess-precision=fast -funroll-all-loops -mavx2 -mfma -Wno-missing-field-initializers -O3 -DNDEBUG
C++ compiler:        /home/conda/feedstock_root/build_artifacts/gromacs_1737879903961/_build_env/bin/x86_64-conda-linux-gnu-c++ GNU 13.3.0
C++ compiler flags:  -fexcess-precision=fast -funroll-all-loops -mavx2 -mfma -Wno-missing-field-initializers -Wno-cast-function-type-strict SHELL:-fopenmp -O3 -DNDEBUG
BLAS library:        Internal
LAPACK library:      Internal
OpenCL include dir:  /home/torikh/miniconda3/include
OpenCL library:      /home/torikh/miniconda3/lib/libOpenCL.so
OpenCL version:      3.0


Running on 1 node with total 2 cores, 4 processing units (GPU detection failed)
Hardware detected on host tori-server1:
  CPU info:
    Vendor: Intel
    Brand:  Intel(R) Core(TM) i3-4170 CPU @ 3.70GHz
    Family: 6   Model: 60   Stepping: 3
    Features: aes apic avx avx2 clfsh cmov cx8 cx16 f16c fma htt intel lahf mmx msr nonstop_tsc pcid pclmuldq pdcm pdpe1gb popcnt pse rdrnd rdtscp sse2 sse3 sse4.1 sse4.2 ssse3 tdt
  Hardware topology: Basic
    Packages, cores, and logical processors:
    [indices refer to OS logical processors]
      Package  0: [   0   2] [   1   3]
    CPU limit set by OS: -1   Recommended max number of threads: 4

The current CPU can measure timings more accurately than the code in
gmx mdrun was configured to use. This might affect your simulation
speed as accurate timings are needed for load-balancing.
Please consider rebuilding gmx mdrun with the GMX_USE_RDTSCP=ON CMake option.

++++ PLEASE READ AND CITE THE FOLLOWING REFERENCE ++++
M. J. Abraham, T. Murtola, R. Schulz, S. Páll, J. C. Smith, B. Hess, E.
Lindahl
GROMACS: High performance molecular simulations through multi-level
parallelism from laptops to supercomputers
SoftwareX 1 (2015) pp. 19-25
-------- -------- --- Thank You --- -------- --------


++++ PLEASE READ AND CITE THE FOLLOWING REFERENCE ++++
S. Páll, M. J. Abraham, C. Kutzner, B. Hess, E. Lindahl
Tackling Exascale Software Challenges in Molecular Dynamics Simulations with
GROMACS
In S. Markidis & E. Laure (Eds.), Solving Software Challenges for Exascale 8759 (2015) pp. 3-27
-------- -------- --- Thank You --- -------- --------


++++ PLEASE READ AND CITE THE FOLLOWING REFERENCE ++++
S. Pronk, S. Páll, R. Schulz, P. Larsson, P. Bjelkmar, R. Apostolov, M. R.
Shirts, J. C. Smith, P. M. Kasson, D. van der Spoel, B. Hess, and E. Lindahl
GROMACS 4.5: a high-throughput and highly parallel open source molecular
simulation toolkit
Bioinformatics 29 (2013) pp. 845-54
-------- -------- --- Thank You --- -------- --------


++++ PLEASE READ AND CITE THE FOLLOWING REFERENCE ++++
B. Hess and C. Kutzner and D. van der Spoel and E. Lindahl
GROMACS 4: Algorithms for highly efficient, load-balanced, and scalable
molecular simulation
J. Chem. Theory Comput. 4 (2008) pp. 435-447
-------- -------- --- Thank You --- -------- --------


++++ PLEASE READ AND CITE THE FOLLOWING REFERENCE ++++
D. van der Spoel, E. Lindahl, B. Hess, G. Groenhof, A. E. Mark and H. J. C.
Berendsen
GROMACS: Fast, Flexible and Free
J. Comp. Chem. 26 (2005) pp. 1701-1719
-------- -------- --- Thank You --- -------- --------


++++ PLEASE READ AND CITE THE FOLLOWING REFERENCE ++++
E. Lindahl and B. Hess and D. van der Spoel
GROMACS 3.0: A package for molecular simulation and trajectory analysis
J. Mol. Mod. 7 (2001) pp. 306-317
-------- -------- --- Thank You --- -------- --------


++++ PLEASE READ AND CITE THE FOLLOWING REFERENCE ++++
H. J. C. Berendsen, D. van der Spoel and R. van Drunen
GROMACS: A message-passing parallel molecular dynamics implementation
Comp. Phys. Comm. 91 (1995) pp. 43-56
-------- -------- --- Thank You --- -------- --------

Input Parameters:
   integrator                     = md
   tinit                          = 0
   dt                             = 0.002
   nsteps                         = 50000
   init-step                      = 0
   simulation-part                = 1
   mts                            = false
   mass-repartition-factor        = 1
   comm-mode                      = Linear
   nstcomm                        = 100
   bd-fric                        = 0
   ld-seed                        = -540149770
   emtol                          = 10
   emstep                         = 0.01
   niter                          = 20
   fcstep                         = 0
   nstcgsteep                     = 1000
   nbfgscorr                      = 10
   rtpi                           = 0.05
   nstxout                        = 500
   nstvout                        = 500
   nstfout                        = 0
   nstlog                         = 500
   nstcalcenergy                  = 100
   nstenergy                      = 500
   nstxout-compressed             = 500
   compressed-x-precision         = 1000
   cutoff-scheme                  = Verlet
   nstlist                        = 20
   pbc                            = xyz
   periodic-molecules             = false
   verlet-buffer-tolerance        = 0.005
   verlet-buffer-pressure-tolerance = 0.5
   rlist                          = 1.2
   coulombtype                    = PME
   coulomb-modifier               = Potential-shift
   rcoulomb-switch                = 0
   rcoulomb                       = 1.2
   epsilon-r                      = 1
   epsilon-rf                     = inf
   vdw-type                       = Cut-off
   vdw-modifier                   = Potential-shift
   rvdw-switch                    = 0
   rvdw                           = 1.2
   DispCorr                       = No
   table-extension                = 1
   fourierspacing                 = 0.16
   fourier-nx                     = 25
   fourier-ny                     = 25
   fourier-nz                     = 25
   pme-order                      = 4
   ewald-rtol                     = 1e-05
   ewald-rtol-lj                  = 0.001
   lj-pme-comb-rule               = Geometric
   ewald-geometry                 = 3d
   epsilon-surface                = 0
   ensemble-temperature-setting   = constant
   ensemble-temperature           = 298.15
   tcoupl                         = V-rescale
   nsttcouple                     = 10
   nh-chain-length                = 0
   print-nose-hoover-chain-variables = false
   pcoupl                         = No
   refcoord-scaling               = No
   posres-com (3):
      posres-com[0]= 0.00000e+00
      posres-com[1]= 0.00000e+00
      posres-com[2]= 0.00000e+00
   posres-comB (3):
      posres-comB[0]= 0.00000e+00
      posres-comB[1]= 0.00000e+00
      posres-comB[2]= 0.00000e+00
   QMMM                           = false
qm-opts:
   ngQM                           = 0
   constraint-algorithm           = Lincs
   continuation                   = false
   Shake-SOR                      = false
   shake-tol                      = 0.0001
   lincs-order                    = 4
   lincs-iter                     = 1
   lincs-warnangle                = 30
   nwall                          = 0
   wall-type                      = 9-3
   wall-r-linpot                  = -1
   wall-atomtype[0]               = -1
   wall-atomtype[1]               = -1
   wall-density[0]                = 0
   wall-density[1]                = 0
   wall-ewald-zfac                = 3
   pull                           = false
   awh                            = false
   rotation                       = false
   interactiveMD                  = false
   disre                          = No
   disre-weighting                = Conservative
   disre-mixed                    = false
   dr-fc                          = 1000
   dr-tau                         = 0
   nstdisreout                    = 100
   orire-fc                       = 0
   orire-tau                      = 0
   nstorireout                    = 100
   free-energy                    = no
   cos-acceleration               = 0
   deform (3x3):
      deform[    0]={ 0.00000e+00,  0.00000e+00,  0.00000e+00}
      deform[    1]={ 0.00000e+00,  0.00000e+00,  0.00000e+00}
      deform[    2]={ 0.00000e+00,  0.00000e+00,  0.00000e+00}
   simulated-tempering            = false
   swapcoords                     = no
   userint1                       = 0
   userint2                       = 0
   userint3                       = 0
   userint4                       = 0
   userreal1                      = 0
   userreal2                      = 0
   userreal3                      = 0
   userreal4                      = 0
   applied-forces:
     electric-field:
       x:
         E0                       = 0
         omega                    = 0
         t0                       = 0
         sigma                    = 0
       y:
         E0                       = 0
         omega                    = 0
         t0                       = 0
         sigma                    = 0
       z:
         E0                       = 0
         omega                    = 0
         t0                       = 0
         sigma                    = 0
     density-guided-simulation:
       active                     = false
       group                      = protein
       similarity-measure         = inner-product
       atom-spreading-weight      = unity
       force-constant             = 1e+09
       gaussian-transform-spreading-width = 0.2
       gaussian-transform-spreading-range-in-multiples-of-width = 4
       reference-density-filename = reference.mrc
       nst                        = 1
       normalize-densities        = true
       adaptive-force-scaling     = false
       adaptive-force-scaling-time-constant = 4
       shift-vector               = 
       transformation-matrix      = 
     qmmm-cp2k:
       active                     = false
       qmgroup                    = System
       qmmethod                   = PBE
       qmfilenames                = 
       qmcharge                   = 0
       qmmultiplicity             = 1
     colvars:
       active                     = false
       configfile                 = 
       seed                       = -1
grpopts:
   nrdf:        5597
   ref-t:      298.15
   tau-t:         0.1
annealing:          No
annealing-npoints:           0
   acc:	           0           0           0
   nfreeze:           N           N           N
   energygrp-flags[  0]: 0

Changing nstlist from 20 to 100, rlist from 1.2 to 1.318


Initializing Domain Decomposition on 1 ranks
Dynamic load balancing: auto
Using update groups, nr 800, average size 3.0 atoms, max. radius 0.104 nm
Minimum cell size due to atom displacement: 0.655 nm
Initial maximum distances in bonded interactions:
    two-body bonded interactions: 0.381 nm, LJ-14, atoms 1993 2003
  multi-body bonded interactions: 0.381 nm, Ryckaert-Bell., atoms 1993 2003
Minimum cell size due to bonded interactions: 0.420 nm
Using 0 separate PME ranks because: there are too few total ranks for efficient splitting
Optimizing the DD grid for 1 cells with a minimum initial size of 0.655 nm
The maximum allowed number of cells is: X 6 Y 6 Z 6
Domain decomposition grid 1 x 1 x 1, separate PME ranks 0
PME domain decomposition: 1 x 1 x 1

The initial number of communication pulses is:
The initial domain decomposition cell size is:

The maximum allowed distance for atom groups involved in interactions is:
                 non-bonded interactions           1.526 nm
            two-body bonded interactions  (-rdd)   1.526 nm
          multi-body bonded interactions  (-rdd)   1.526 nm

When dynamic load balancing gets turned on, these settings will change to:
The maximum number of communication pulses is:
The minimum size for domain decomposition cells is 1.526 nm
The requested allowed shrink of DD cells (option -dds) is: 0.80
The allowed shrink of domain decomposition cells is:
The maximum allowed distance for atom groups involved in interactions is:
                 non-bonded interactions           1.526 nm
            two-body bonded interactions  (-rdd)   1.526 nm
          multi-body bonded interactions  (-rdd)   1.526 nm

Using 1 MPI thread
Using 4 OpenMP threads 

System total charge: -0.100
Will do PME sum in reciprocal space for electrostatic interactions.

++++ PLEASE READ AND CITE THE FOLLOWING REFERENCE ++++
U. Essmann, L. Perera, M. L. Berkowitz, T. Darden, H. Lee and L. G. Pedersen 
A smooth particle mesh Ewald method
J. Chem. Phys. 103 (1995) pp. 8577-8592
-------- -------- --- Thank You --- -------- --------

Using a Gaussian width (1/beta) of 0.384195 nm for Ewald
Potential shift: LJ r^-12: -1.122e-01 r^-6: -3.349e-01, Ewald -8.333e-06
Initialized non-bonded Coulomb Ewald tables, spacing: 1.02e-03 size: 1176

Generated table with 1159 data points for 1-4 COUL.
Tabscale = 500 points/nm
Generated table with 1159 data points for 1-4 LJ6.
Tabscale = 500 points/nm
Generated table with 1159 data points for 1-4 LJ12.
Tabscale = 500 points/nm


Using SIMD4xM 4x8 nonbonded short-range kernels

Using a dual 4x8 pair-list setup updated with dynamic pruning:
  outer list: updated every 100 steps, buffer 0.118 nm, rlist 1.318 nm
  inner list: updated every  25 steps, buffer 0.000 nm, rlist 1.200 nm
At tolerance 0.005 kJ/mol/ps per atom, equivalent classical 1x1 list would be:
  outer list: updated every 100 steps, buffer 0.222 nm, rlist 1.422 nm
  inner list: updated every  25 steps, buffer 0.168 nm, rlist 1.368 nm

The average pressure is off by at most 0.47 bar due to missing LJ interactions

Using Lorentz-Berthelot Lennard-Jones combination rule
Removing pbc first time

Linking all bonded interactions to atoms


Pinning threads with an auto-selected logical cpu stride of 1

Initializing LINear Constraint Solver

++++ PLEASE READ AND CITE THE FOLLOWING REFERENCE ++++
B. Hess and H. Bekker and H. J. C. Berendsen and J. G. E. M. Fraaije
LINCS: A Linear Constraint Solver for molecular simulations
J. Comp. Chem. 18 (1997) pp. 1463-1472
-------- -------- --- Thank You --- -------- --------

The number of constraints is 1600

++++ PLEASE READ AND CITE THE FOLLOWING REFERENCE ++++
G. Bussi, D. Donadio and M. Parrinello
Canonical sampling through velocity rescaling
J. Chem. Phys. 126 (2007) pp. 014101
-------- -------- --- Thank You --- -------- --------

There are: 2400 Atoms
Atom distribution over 1 domains: av 2400 stddev 0 min 2400 max 2400

Constraining the starting coordinates (step 0)

Constraining the coordinates at t0-dt (step 0)
Center of mass motion removal mode is Linear
We have the following groups for center of mass motion removal:
  0:  rest
RMS relative constraint deviation after constraining: 2.84e-06
Initial temperature: 295.413 K

Started mdrun on rank 0 Sat Jun 21 10:05:59 2025

           Step           Time
              0        0.00000

   Energies (kJ/mol)
           Bond          Angle Ryckaert-Bell.          LJ-14     Coulomb-14
    2.24901e+01    1.70543e+02    8.43195e+02    1.81995e+02    2.72483e+03
        LJ (SR)   Coulomb (SR)   Coul. recip.      Potential    Kinetic En.
   -1.10898e+03   -8.09677e+02    5.01365e+02    2.52576e+03    6.88262e+03
   Total Energy  Conserved En.    Temperature Pressure (bar)   Constr. rmsd
    9.40838e+03    9.40838e+03    2.95797e+02    2.03125e+03    2.91015e-06

           Step           Time
            500        1.00000

   Energies (kJ/mol)
           Bond          Angle Ryckaert-Bell.          LJ-14     Coulomb-14
    3.21047e+02    2.44137e+03    1.22267e+03    2.26131e+02    2.51366e+03
        LJ (SR)   Coulomb (SR)   Coul. recip.      Potential    Kinetic En.
   -1.38140e+03   -2.15704e+03    3.53741e+02    3.54017e+03    6.90664e+03
   Total Energy  Conserved En.    Temperature Pressure (bar)   Constr. rmsd
    1.04468e+04    9.68757e+03    2.96829e+02    3.91478e+02    2.04163e-06

           Step           Time
           1000        2.00000

   Energies (kJ/mol)
           Bond          Angle Ryckaert-Bell.          LJ-14     Coulomb-14
    4.15440e+02    2.23105e+03    1.23954e+03    2.54090e+02    2.57359e+03
        LJ (SR)   Coulomb (SR)   Coul. recip.      Potential    Kinetic En.
   -1.37999e+03   -2.56014e+03    3.40100e+02    3.11369e+03    6.88725e+03
   Total Energy  Conserved En.    Temperature Pressure (bar)   Constr. rmsd
    1.00009e+04    9.65790e+03    2.95996e+02    1.41320e+02    2.28859e-06

           Step           Time
           1500        3.00000

   Energies (kJ/mol)
           Bond          Angle Ryckaert-Bell.          LJ-14     Coulomb-14
    4.73326e+02    2.37629e+03    1.23073e+03    2.48095e+02    2.58945e+03
        LJ (SR)   Coulomb (SR)   Coul. recip.      Potential    Kinetic En.
   -1.22619e+03   -2.90063e+03    3.02365e+02    3.09343e+03    7.23250e+03
   Total Energy  Conserved En.    Temperature Pressure (bar)   Constr. rmsd
    1.03259e+04    9.66579e+03    3.10834e+02    1.74804e+02    2.12783e-06

           Step           Time
           2000        4.00000

   Energies (kJ/mol)
           Bond          Angle Ryckaert-Bell.          LJ-14     Coulomb-14
    4.46312e+02    2.60551e+03    1.20224e+03    2.68015e+02    2.58008e+03
        LJ (SR)   Coulomb (SR)   Coul. recip.      Potential    Kinetic En.
   -1.23348e+03   -3.04092e+03    3.09739e+02    3.13750e+03    7.02134e+03
   Total Energy  Conserved En.    Temperature Pressure (bar)   Constr. rmsd
    1.01588e+04    9.67917e+03    3.01759e+02   -5.75299e+01    2.05806e-06

           Step           Time
           2500        5.00000

   Energies (kJ/mol)
           Bond          Angle Ryckaert-Bell.          LJ-14     Coulomb-14
    4.51690e+02    2.66050e+03    1.19839e+03    2.50533e+02    2.64438e+03
        LJ (SR)   Coulomb (SR)   Coul. recip.      Potential    Kinetic En.
   -1.29386e+03   -3.12915e+03    3.16572e+02    3.09905e+03    7.03641e+03
   Total Energy  Conserved En.    Temperature Pressure (bar)   Constr. rmsd
    1.01355e+04    9.68110e+03    3.02407e+02    9.75594e+01    2.38222e-06

           Step           Time
           3000        6.00000

   Energies (kJ/mol)
           Bond          Angle Ryckaert-Bell.          LJ-14     Coulomb-14
    4.30263e+02    2.50814e+03    1.21219e+03    2.69664e+02    2.73430e+03
        LJ (SR)   Coulomb (SR)   Coul. recip.      Potential    Kinetic En.
   -1.40027e+03   -3.14369e+03    3.34548e+02    2.94515e+03    6.71350e+03
   Total Energy  Conserved En.    Temperature Pressure (bar)   Constr. rmsd
    9.65865e+03    9.66923e+03    2.88529e+02   -3.03696e+01    2.25544e-06

           Step           Time
           3500        7.00000

   Energies (kJ/mol)
           Bond          Angle Ryckaert-Bell.          LJ-14     Coulomb-14
    4.68923e+02    2.58408e+03    1.21206e+03    2.64382e+02    2.73612e+03
        LJ (SR)   Coulomb (SR)   Coul. recip.      Potential    Kinetic En.
   -1.46745e+03   -3.45279e+03    2.94055e+02    2.63938e+03    7.08001e+03
   Total Energy  Conserved En.    Temperature Pressure (bar)   Constr. rmsd
    9.71939e+03    9.66844e+03    3.04281e+02   -3.32885e+02    2.43279e-06

           Step           Time
           4000        8.00000

   Energies (kJ/mol)
           Bond          Angle Ryckaert-Bell.          LJ-14     Coulomb-14
    4.28550e+02    2.59281e+03    1.13107e+03    2.76758e+02    2.78242e+03
        LJ (SR)   Coulomb (SR)   Coul. recip.      Potential    Kinetic En.
   -1.41184e+03   -3.67214e+03    2.92923e+02    2.42054e+03    6.68808e+03
   Total Energy  Conserved En.    Temperature Pressure (bar)   Constr. rmsd
    9.10862e+03    9.68532e+03    2.87437e+02    2.71364e+02    2.32403e-06

           Step           Time
           4500        9.00000

   Energies (kJ/mol)
           Bond          Angle Ryckaert-Bell.          LJ-14     Coulomb-14
    4.90378e+02    2.70630e+03    1.17398e+03    2.57077e+02    2.79421e+03
        LJ (SR)   Coulomb (SR)   Coul. recip.      Potential    Kinetic En.
   -1.33601e+03   -3.81433e+03    3.03194e+02    2.57481e+03    7.07552e+03
   Total Energy  Conserved En.    Temperature Pressure (bar)   Constr. rmsd
    9.65033e+03    9.67868e+03    3.04088e+02   -3.27340e+02    2.72732e-06

           Step           Time
           5000       10.00000

   Energies (kJ/mol)
           Bond          Angle Ryckaert-Bell.          LJ-14     Coulomb-14
    4.66623e+02    2.77263e+03    1.13639e+03    2.52771e+02    2.74018e+03
        LJ (SR)   Coulomb (SR)   Coul. recip.      Potential    Kinetic En.
   -1.34345e+03   -3.87835e+03    2.94232e+02    2.44103e+03    6.97770e+03
   Total Energy  Conserved En.    Temperature Pressure (bar)   Constr. rmsd
    9.41874e+03    9.68639e+03    2.99884e+02   -8.51426e+00    2.40681e-06

           Step           Time
           5500       11.00000

   Energies (kJ/mol)
           Bond          Angle Ryckaert-Bell.          LJ-14     Coulomb-14
    5.27794e+02    2.69211e+03    1.13116e+03    2.52665e+02    2.79789e+03
        LJ (SR)   Coulomb (SR)   Coul. recip.      Potential    Kinetic En.
   -1.49416e+03   -3.61211e+03    2.91252e+02    2.58661e+03    6.97914e+03
   Total Energy  Conserved En.    Temperature Pressure (bar)   Constr. rmsd
    9.56575e+03    9.68035e+03    2.99946e+02   -3.92260e+02    2.62564e-06

           Step           Time
           6000       12.00000

   Energies (kJ/mol)
           Bond          Angle Ryckaert-Bell.          LJ-14     Coulomb-14
    5.22622e+02    2.86827e+03    1.17586e+03    2.57603e+02    2.79601e+03
        LJ (SR)   Coulomb (SR)   Coul. recip.      Potential    Kinetic En.
   -1.37493e+03   -4.03491e+03    3.02903e+02    2.51343e+03    6.83175e+03
   Total Energy  Conserved En.    Temperature Pressure (bar)   Constr. rmsd
    9.34518e+03    9.70005e+03    2.93611e+02   -2.51244e+02    2.25379e-06

           Step           Time
           6500       13.00000

   Energies (kJ/mol)
           Bond          Angle Ryckaert-Bell.          LJ-14     Coulomb-14
    5.28034e+02    2.80778e+03    1.07706e+03    2.45995e+02    2.81375e+03
        LJ (SR)   Coulomb (SR)   Coul. recip.      Potential    Kinetic En.
   -1.45936e+03   -4.09306e+03    2.68583e+02    2.18877e+03    7.11579e+03
   Total Energy  Conserved En.    Temperature Pressure (bar)   Constr. rmsd
    9.30456e+03    9.68630e+03    3.05818e+02   -3.71708e+02    2.72210e-06

           Step           Time
           7000       14.00000

   Energies (kJ/mol)
           Bond          Angle Ryckaert-Bell.          LJ-14     Coulomb-14
    5.55234e+02    2.97867e+03    1.09099e+03    2.66802e+02    2.88039e+03
        LJ (SR)   Coulomb (SR)   Coul. recip.      Potential    Kinetic En.
   -1.47720e+03   -4.22311e+03    2.78551e+02    2.35032e+03    6.90296e+03
   Total Energy  Conserved En.    Temperature Pressure (bar)   Constr. rmsd
    9.25329e+03    9.69970e+03    2.96672e+02   -1.18974e+02    2.57874e-06

           Step           Time
           7500       15.00000

   Energies (kJ/mol)
           Bond          Angle Ryckaert-Bell.          LJ-14     Coulomb-14
    5.31030e+02    2.84257e+03    1.07674e+03    2.62847e+02    2.84841e+03
        LJ (SR)   Coulomb (SR)   Coul. recip.      Potential    Kinetic En.
   -1.52145e+03   -4.27934e+03    2.64618e+02    2.02543e+03    6.96225e+03
   Total Energy  Conserved En.    Temperature Pressure (bar)   Constr. rmsd
    8.98768e+03    9.69877e+03    2.99220e+02   -2.42684e+02    2.61249e-06

           Step           Time
           8000       16.00000

   Energies (kJ/mol)
           Bond          Angle Ryckaert-Bell.          LJ-14     Coulomb-14
    4.94971e+02    2.90183e+03    1.06539e+03    2.45108e+02    2.89576e+03
        LJ (SR)   Coulomb (SR)   Coul. recip.      Potential    Kinetic En.
   -1.57144e+03   -4.57840e+03    2.73348e+02    1.72657e+03    6.99845e+03
   Total Energy  Conserved En.    Temperature Pressure (bar)   Constr. rmsd
    8.72502e+03    9.69852e+03    3.00775e+02   -3.37442e+02    2.38149e-06

           Step           Time
           8500       17.00000

   Energies (kJ/mol)
           Bond          Angle Ryckaert-Bell.          LJ-14     Coulomb-14
    5.47809e+02    2.92061e+03    1.08428e+03    2.61419e+02    2.86325e+03
        LJ (SR)   Coulomb (SR)   Coul. recip.      Potential    Kinetic En.
   -1.61056e+03   -4.68027e+03    2.51617e+02    1.63816e+03    6.78696e+03
   Total Energy  Conserved En.    Temperature Pressure (bar)   Constr. rmsd
    8.42513e+03    9.71336e+03    2.91686e+02    1.01047e+02    2.46027e-06

           Step           Time
           9000       18.00000

   Energies (kJ/mol)
           Bond          Angle Ryckaert-Bell.          LJ-14     Coulomb-14
    4.95066e+02    2.92619e+03    1.11723e+03    2.75744e+02    2.83579e+03
        LJ (SR)   Coulomb (SR)   Coul. recip.      Potential    Kinetic En.
   -1.63346e+03   -4.67030e+03    2.49529e+02    1.59580e+03    6.93903e+03
   Total Energy  Conserved En.    Temperature Pressure (bar)   Constr. rmsd
    8.53482e+03    9.70125e+03    2.98222e+02    2.98851e+02    2.65412e-06

           Step           Time
           9500       19.00000

   Energies (kJ/mol)
           Bond          Angle Ryckaert-Bell.          LJ-14     Coulomb-14
    5.53957e+02    3.06773e+03    1.07369e+03    2.41194e+02    2.83620e+03
        LJ (SR)   Coulomb (SR)   Coul. recip.      Potential    Kinetic En.
   -1.54483e+03   -4.71377e+03    2.59682e+02    1.77385e+03    7.24371e+03
   Total Energy  Conserved En.    Temperature Pressure (bar)   Constr. rmsd
    9.01756e+03    9.70628e+03    3.11316e+02   -4.30657e+02    2.81309e-06

           Step           Time
          10000       20.00000

   Energies (kJ/mol)
           Bond          Angle Ryckaert-Bell.          LJ-14     Coulomb-14
    5.84972e+02    3.06571e+03    1.00933e+03    2.54931e+02    2.88006e+03
        LJ (SR)   Coulomb (SR)   Coul. recip.      Potential    Kinetic En.
   -1.59466e+03   -4.62448e+03    2.43819e+02    1.81969e+03    6.82038e+03
   Total Energy  Conserved En.    Temperature Pressure (bar)   Constr. rmsd
    8.64007e+03    9.72106e+03    2.93122e+02   -3.07273e+02    2.56427e-06

           Step           Time
          10500       21.00000

   Energies (kJ/mol)
           Bond          Angle Ryckaert-Bell.          LJ-14     Coulomb-14
    5.33535e+02    3.07762e+03    1.03490e+03    2.64784e+02    2.84244e+03
        LJ (SR)   Coulomb (SR)   Coul. recip.      Potential    Kinetic En.
   -1.64767e+03   -4.91044e+03    2.51254e+02    1.44642e+03    6.87440e+03
   Total Energy  Conserved En.    Temperature Pressure (bar)   Constr. rmsd
    8.32081e+03    9.72016e+03    2.95444e+02   -1.28385e+01    2.72201e-06

           Step           Time
          11000       22.00000

   Energies (kJ/mol)
           Bond          Angle Ryckaert-Bell.          LJ-14     Coulomb-14
    5.78913e+02    3.11925e+03    1.08184e+03    2.84354e+02    2.85154e+03
        LJ (SR)   Coulomb (SR)   Coul. recip.      Potential    Kinetic En.
   -1.42521e+03   -5.22252e+03    2.42510e+02    1.51068e+03    7.05116e+03
   Total Energy  Conserved En.    Temperature Pressure (bar)   Constr. rmsd
    8.56185e+03    9.72141e+03    3.03041e+02    3.18035e+02    2.83908e-06

           Step           Time
          11500       23.00000

   Energies (kJ/mol)
           Bond          Angle Ryckaert-Bell.          LJ-14     Coulomb-14
    5.58775e+02    3.01594e+03    1.04063e+03    2.51590e+02    2.86004e+03
        LJ (SR)   Coulomb (SR)   Coul. recip.      Potential    Kinetic En.
   -1.70441e+03   -4.98243e+03    2.36004e+02    1.27613e+03    6.81064e+03
   Total Energy  Conserved En.    Temperature Pressure (bar)   Constr. rmsd
    8.08677e+03    9.71771e+03    2.92704e+02   -4.74543e+02    3.06894e-06

           Step           Time
          12000       24.00000

   Energies (kJ/mol)
           Bond          Angle Ryckaert-Bell.          LJ-14     Coulomb-14
    5.68847e+02    3.11567e+03    1.01284e+03    2.41038e+02    2.84793e+03
        LJ (SR)   Coulomb (SR)   Coul. recip.      Potential    Kinetic En.
   -1.70464e+03   -5.17718e+03    2.22087e+02    1.12659e+03    7.11901e+03
   Total Energy  Conserved En.    Temperature Pressure (bar)   Constr. rmsd
    8.24559e+03    9.71736e+03    3.05957e+02   -1.50264e+02    2.78816e-06

           Step           Time
          12500       25.00000

   Energies (kJ/mol)
           Bond          Angle Ryckaert-Bell.          LJ-14     Coulomb-14
    5.18694e+02    3.19158e+03    1.11504e+03    2.64570e+02    2.85261e+03
        LJ (SR)   Coulomb (SR)   Coul. recip.      Potential    Kinetic En.
   -1.75137e+03   -5.19556e+03    2.41836e+02    1.23739e+03    7.12493e+03
   Total Energy  Conserved En.    Temperature Pressure (bar)   Constr. rmsd
    8.36232e+03    9.72648e+03    3.06211e+02   -2.91539e+02    2.91696e-06

           Step           Time
          13000       26.00000

   Energies (kJ/mol)
           Bond          Angle Ryckaert-Bell.          LJ-14     Coulomb-14
    5.73728e+02    3.00652e+03    1.05423e+03    2.48379e+02    2.87511e+03
        LJ (SR)   Coulomb (SR)   Coul. recip.      Potential    Kinetic En.
   -1.60237e+03   -5.41703e+03    2.57742e+02    9.96307e+02    6.81778e+03
   Total Energy  Conserved En.    Temperature Pressure (bar)   Constr. rmsd
    7.81409e+03    9.72437e+03    2.93011e+02   -3.87958e+01    2.57999e-06

           Step           Time
          13500       27.00000

   Energies (kJ/mol)
           Bond          Angle Ryckaert-Bell.          LJ-14     Coulomb-14
    5.74292e+02    2.99072e+03    1.00811e+03    2.82434e+02    2.90652e+03
        LJ (SR)   Coulomb (SR)   Coul. recip.      Potential    Kinetic En.
   -1.60985e+03   -5.44859e+03    2.55600e+02    9.59246e+02    7.01146e+03
   Total Energy  Conserved En.    Temperature Pressure (bar)   Constr. rmsd
    7.97071e+03    9.70949e+03    3.01335e+02    4.84284e+02    2.87321e-06

           Step           Time
          14000       28.00000

   Energies (kJ/mol)
           Bond          Angle Ryckaert-Bell.          LJ-14     Coulomb-14
    6.16265e+02    3.30786e+03    1.04012e+03    2.41566e+02    2.98639e+03
        LJ (SR)   Coulomb (SR)   Coul. recip.      Potential    Kinetic En.
   -1.68260e+03   -5.29608e+03    2.56508e+02    1.47002e+03    6.75562e+03
   Total Energy  Conserved En.    Temperature Pressure (bar)   Constr. rmsd
    8.22565e+03    9.74129e+03    2.90339e+02   -7.25156e+01    2.51137e-06

           Step           Time
          14500       29.00000

   Energies (kJ/mol)
           Bond          Angle Ryckaert-Bell.          LJ-14     Coulomb-14
    5.46562e+02    3.08215e+03    9.93191e+02    2.35332e+02    2.95754e+03
        LJ (SR)   Coulomb (SR)   Coul. recip.      Potential    Kinetic En.
   -1.65275e+03   -5.62544e+03    2.54738e+02    7.91331e+02    6.97239e+03
   Total Energy  Conserved En.    Temperature Pressure (bar)   Constr. rmsd
    7.76372e+03    9.72097e+03    2.99655e+02   -1.42570e+02    2.94744e-06

           Step           Time
          15000       30.00000

   Energies (kJ/mol)
           Bond          Angle Ryckaert-Bell.          LJ-14     Coulomb-14
    5.53598e+02    3.15927e+03    9.98493e+02    2.69606e+02    2.98139e+03
        LJ (SR)   Coulomb (SR)   Coul. recip.      Potential    Kinetic En.
   -1.71611e+03   -5.52412e+03    2.19523e+02    9.41653e+02    6.83113e+03
   Total Energy  Conserved En.    Temperature Pressure (bar)   Constr. rmsd
    7.77279e+03    9.73182e+03    2.93585e+02    2.32565e+02    3.01703e-06

           Step           Time
          15500       31.00000

   Energies (kJ/mol)
           Bond          Angle Ryckaert-Bell.          LJ-14     Coulomb-14
    5.69545e+02    3.19044e+03    1.00285e+03    2.48689e+02    2.97151e+03
        LJ (SR)   Coulomb (SR)   Coul. recip.      Potential    Kinetic En.
   -1.70545e+03   -5.61370e+03    2.29135e+02    8.93023e+02    6.80868e+03
   Total Energy  Conserved En.    Temperature Pressure (bar)   Constr. rmsd
    7.70171e+03    9.73013e+03    2.92620e+02   -3.26625e+02    2.85431e-06

           Step           Time
          16000       32.00000

   Energies (kJ/mol)
           Bond          Angle Ryckaert-Bell.          LJ-14     Coulomb-14
    5.56021e+02    3.16806e+03    1.04370e+03    2.63836e+02    2.93721e+03
        LJ (SR)   Coulomb (SR)   Coul. recip.      Potential    Kinetic En.
   -1.62198e+03   -5.92126e+03    2.04012e+02    6.29588e+02    6.95659e+03
   Total Energy  Conserved En.    Temperature Pressure (bar)   Constr. rmsd
    7.58618e+03    9.73352e+03    2.98977e+02    9.22567e+01    2.80314e-06

           Step           Time
          16500       33.00000

   Energies (kJ/mol)
           Bond          Angle Ryckaert-Bell.          LJ-14     Coulomb-14
    5.77843e+02    3.39881e+03    1.02037e+03    2.65607e+02    2.97648e+03
        LJ (SR)   Coulomb (SR)   Coul. recip.      Potential    Kinetic En.
   -1.66639e+03   -5.80493e+03    2.17783e+02    9.85558e+02    6.95227e+03
   Total Energy  Conserved En.    Temperature Pressure (bar)   Constr. rmsd
    7.93783e+03    9.74161e+03    2.98791e+02    6.56127e+01    3.11823e-06

           Step           Time
          17000       34.00000

   Energies (kJ/mol)
           Bond          Angle Ryckaert-Bell.          LJ-14     Coulomb-14
    5.54159e+02    3.27639e+03    9.97958e+02    2.60481e+02    2.96182e+03
        LJ (SR)   Coulomb (SR)   Coul. recip.      Potential    Kinetic En.
   -1.88821e+03   -5.86985e+03    2.11541e+02    5.04276e+02    6.98926e+03
   Total Energy  Conserved En.    Temperature Pressure (bar)   Constr. rmsd
    7.49354e+03    9.74771e+03    3.00380e+02   -2.94871e+02    3.03886e-06

           Step           Time
          17500       35.00000

   Energies (kJ/mol)
           Bond          Angle Ryckaert-Bell.          LJ-14     Coulomb-14
    5.59692e+02    3.19010e+03    9.58435e+02    2.45329e+02    3.05214e+03
        LJ (SR)   Coulomb (SR)   Coul. recip.      Potential    Kinetic En.
   -1.79605e+03   -5.95127e+03    2.35297e+02    4.93662e+02    6.89525e+03
   Total Energy  Conserved En.    Temperature Pressure (bar)   Constr. rmsd
    7.38891e+03    9.73570e+03    2.96340e+02   -3.14923e+02    2.86669e-06

           Step           Time
          18000       36.00000

   Energies (kJ/mol)
           Bond          Angle Ryckaert-Bell.          LJ-14     Coulomb-14
    6.52820e+02    3.34645e+03    9.87826e+02    2.48918e+02    2.98675e+03
        LJ (SR)   Coulomb (SR)   Coul. recip.      Potential    Kinetic En.
   -1.82031e+03   -5.83732e+03    2.19562e+02    7.84689e+02    6.97541e+03
   Total Energy  Conserved En.    Temperature Pressure (bar)   Constr. rmsd
    7.76010e+03    9.74698e+03    2.99785e+02    1.91153e+01    3.06015e-06

           Step           Time
          18500       37.00000

   Energies (kJ/mol)
           Bond          Angle Ryckaert-Bell.          LJ-14     Coulomb-14
    5.43873e+02    3.27037e+03    9.85043e+02    2.54603e+02    2.97976e+03
        LJ (SR)   Coulomb (SR)   Coul. recip.      Potential    Kinetic En.
   -1.91972e+03   -5.96418e+03    2.17893e+02    3.67647e+02    6.89954e+03
   Total Energy  Conserved En.    Temperature Pressure (bar)   Constr. rmsd
    7.26719e+03    9.74650e+03    2.96525e+02    1.55218e+02    3.14032e-06

           Step           Time
          19000       38.00000

   Energies (kJ/mol)
           Bond          Angle Ryckaert-Bell.          LJ-14     Coulomb-14
    6.18323e+02    3.16865e+03    9.91177e+02    2.55266e+02    2.97335e+03
        LJ (SR)   Coulomb (SR)   Coul. recip.      Potential    Kinetic En.
   -1.75069e+03   -5.92699e+03    2.16582e+02    5.45659e+02    6.88744e+03
   Total Energy  Conserved En.    Temperature Pressure (bar)   Constr. rmsd
    7.43310e+03    9.74026e+03    2.96004e+02    1.95929e+02    2.88833e-06

           Step           Time
          19500       39.00000

   Energies (kJ/mol)
           Bond          Angle Ryckaert-Bell.          LJ-14     Coulomb-14
    5.61416e+02    3.30083e+03    9.72034e+02    2.57129e+02    3.00850e+03
        LJ (SR)   Coulomb (SR)   Coul. recip.      Potential    Kinetic En.
   -1.61944e+03   -6.25860e+03    2.05716e+02    4.27589e+02    6.83950e+03
   Total Energy  Conserved En.    Temperature Pressure (bar)   Constr. rmsd
    7.26709e+03    9.74717e+03    2.93944e+02    1.68466e+02    2.95136e-06

           Step           Time
          20000       40.00000

   Energies (kJ/mol)
           Bond          Angle Ryckaert-Bell.          LJ-14     Coulomb-14
    5.62687e+02    3.39491e+03    1.01939e+03    2.94911e+02    2.99998e+03
        LJ (SR)   Coulomb (SR)   Coul. recip.      Potential    Kinetic En.
   -1.91809e+03   -6.09488e+03    2.55376e+02    5.14279e+02    6.91849e+03
   Total Energy  Conserved En.    Temperature Pressure (bar)   Constr. rmsd
    7.43277e+03    9.75133e+03    2.97339e+02    1.30324e+02    2.69855e-06

           Step           Time
          20500       41.00000

   Energies (kJ/mol)
           Bond          Angle Ryckaert-Bell.          LJ-14     Coulomb-14
    6.41723e+02    3.36076e+03    9.74513e+02    2.49833e+02    3.03041e+03
        LJ (SR)   Coulomb (SR)   Coul. recip.      Potential    Kinetic En.
   -1.75498e+03   -6.26165e+03    2.09681e+02    4.50292e+02    6.95395e+03
   Total Energy  Conserved En.    Temperature Pressure (bar)   Constr. rmsd
    7.40424e+03    9.75473e+03    2.98863e+02    2.11755e+02    2.90310e-06

           Step           Time
          21000       42.00000

   Energies (kJ/mol)
           Bond          Angle Ryckaert-Bell.          LJ-14     Coulomb-14
    6.54997e+02    3.34028e+03    9.50628e+02    2.52720e+02    2.99928e+03
        LJ (SR)   Coulomb (SR)   Coul. recip.      Potential    Kinetic En.
   -1.82453e+03   -5.99867e+03    2.20473e+02    5.95173e+02    7.28122e+03
   Total Energy  Conserved En.    Temperature Pressure (bar)   Constr. rmsd
    7.87639e+03    9.74185e+03    3.12928e+02    2.03011e+02    2.76901e-06

           Step           Time
          21500       43.00000

   Energies (kJ/mol)
           Bond          Angle Ryckaert-Bell.          LJ-14     Coulomb-14
    6.32179e+02    3.47548e+03    1.01545e+03    2.61301e+02    3.01126e+03
        LJ (SR)   Coulomb (SR)   Coul. recip.      Potential    Kinetic En.
   -1.76417e+03   -6.21245e+03    1.97629e+02    6.16685e+02    6.82525e+03
   Total Energy  Conserved En.    Temperature Pressure (bar)   Constr. rmsd
    7.44194e+03    9.76320e+03    2.93332e+02    1.24476e+02    3.21381e-06

           Step           Time
          22000       44.00000

   Energies (kJ/mol)
           Bond          Angle Ryckaert-Bell.          LJ-14     Coulomb-14
    6.06644e+02    3.43636e+03    9.83986e+02    2.70437e+02    3.07451e+03
        LJ (SR)   Coulomb (SR)   Coul. recip.      Potential    Kinetic En.
   -1.86741e+03   -6.18988e+03    2.02635e+02    5.17280e+02    6.86384e+03
   Total Energy  Conserved En.    Temperature Pressure (bar)   Constr. rmsd
    7.38112e+03    9.75957e+03    2.94990e+02   -2.72676e+02    2.90595e-06

           Step           Time
          22500       45.00000

   Energies (kJ/mol)
           Bond          Angle Ryckaert-Bell.          LJ-14     Coulomb-14
    5.39946e+02    3.45832e+03    9.85550e+02    2.57591e+02    3.04434e+03
        LJ (SR)   Coulomb (SR)   Coul. recip.      Potential    Kinetic En.
   -1.82214e+03   -6.20955e+03    1.98685e+02    4.52742e+02    7.05706e+03
   Total Energy  Conserved En.    Temperature Pressure (bar)   Constr. rmsd
    7.50980e+03    9.75957e+03    3.03294e+02   -1.67547e+02    3.01005e-06

           Step           Time
          23000       46.00000

   Energies (kJ/mol)
           Bond          Angle Ryckaert-Bell.          LJ-14     Coulomb-14
    5.98388e+02    3.40588e+03    9.58934e+02    2.66018e+02    3.07597e+03
        LJ (SR)   Coulomb (SR)   Coul. recip.      Potential    Kinetic En.
   -1.72066e+03   -6.42822e+03    2.13071e+02    3.69379e+02    6.74994e+03
   Total Energy  Conserved En.    Temperature Pressure (bar)   Constr. rmsd
    7.11932e+03    9.76915e+03    2.90095e+02   -1.12386e+02    2.91514e-06

           Step           Time
          23500       47.00000

   Energies (kJ/mol)
           Bond          Angle Ryckaert-Bell.          LJ-14     Coulomb-14
    6.40701e+02    3.28397e+03    9.07879e+02    2.42488e+02    3.07149e+03
        LJ (SR)   Coulomb (SR)   Coul. recip.      Potential    Kinetic En.
   -1.84100e+03   -6.32270e+03    2.12935e+02    1.95760e+02    6.98622e+03
   Total Energy  Conserved En.    Temperature Pressure (bar)   Constr. rmsd
    7.18198e+03    9.76085e+03    3.00250e+02    2.62696e+02    2.95153e-06

           Step           Time
          24000       48.00000

   Energies (kJ/mol)
           Bond          Angle Ryckaert-Bell.          LJ-14     Coulomb-14
    5.62023e+02    3.56251e+03    9.50841e+02    2.65495e+02    3.06016e+03
        LJ (SR)   Coulomb (SR)   Coul. recip.      Potential    Kinetic En.
   -1.79536e+03   -6.30668e+03    2.14218e+02    5.13214e+02    6.83516e+03
   Total Energy  Conserved En.    Temperature Pressure (bar)   Constr. rmsd
    7.34837e+03    9.77107e+03    2.93758e+02    1.47786e+02    3.13614e-06

           Step           Time
          24500       49.00000

   Energies (kJ/mol)
           Bond          Angle Ryckaert-Bell.          LJ-14     Coulomb-14
    5.65998e+02    3.37461e+03    9.62828e+02    2.48113e+02    3.03238e+03
        LJ (SR)   Coulomb (SR)   Coul. recip.      Potential    Kinetic En.
   -1.91323e+03   -6.27922e+03    2.33544e+02    2.25022e+02    6.94338e+03
   Total Energy  Conserved En.    Temperature Pressure (bar)   Constr. rmsd
    7.16840e+03    9.75994e+03    2.98409e+02   -1.83906e+02    3.04605e-06

           Step           Time
          25000       50.00000

   Energies (kJ/mol)
           Bond          Angle Ryckaert-Bell.          LJ-14     Coulomb-14
    6.16912e+02    3.45123e+03    1.01274e+03    2.76124e+02    3.02867e+03
        LJ (SR)   Coulomb (SR)   Coul. recip.      Potential    Kinetic En.
   -1.89253e+03   -6.31909e+03    2.06319e+02    3.80376e+02    7.03434e+03
   Total Energy  Conserved En.    Temperature Pressure (bar)   Constr. rmsd
    7.41472e+03    9.76588e+03    3.02318e+02    7.89397e+01    3.10140e-06

           Step           Time
          25500       51.00000

   Energies (kJ/mol)
           Bond          Angle Ryckaert-Bell.          LJ-14     Coulomb-14
    6.72674e+02    3.43084e+03    9.50511e+02    2.45201e+02    3.05724e+03
        LJ (SR)   Coulomb (SR)   Coul. recip.      Potential    Kinetic En.
   -1.99274e+03   -6.09817e+03    2.42614e+02    5.08168e+02    6.98177e+03
   Total Energy  Conserved En.    Temperature Pressure (bar)   Constr. rmsd
    7.48994e+03    9.76093e+03    3.00059e+02   -5.81279e+02    3.17406e-06

           Step           Time
          26000       52.00000

   Energies (kJ/mol)
           Bond          Angle Ryckaert-Bell.          LJ-14     Coulomb-14
    6.12308e+02    3.27948e+03    9.20636e+02    2.34193e+02    3.04222e+03
        LJ (SR)   Coulomb (SR)   Coul. recip.      Potential    Kinetic En.
   -1.81857e+03   -6.07876e+03    2.17561e+02    4.09066e+02    6.82766e+03
   Total Energy  Conserved En.    Temperature Pressure (bar)   Constr. rmsd
    7.23673e+03    9.76204e+03    2.93435e+02    6.59882e+01    2.93490e-06

           Step           Time
          26500       53.00000

   Energies (kJ/mol)
           Bond          Angle Ryckaert-Bell.          LJ-14     Coulomb-14
    6.24507e+02    3.36878e+03    8.94940e+02    2.65704e+02    3.06089e+03
        LJ (SR)   Coulomb (SR)   Coul. recip.      Potential    Kinetic En.
   -1.88985e+03   -6.11915e+03    2.06335e+02    4.12155e+02    7.10115e+03
   Total Energy  Conserved En.    Temperature Pressure (bar)   Constr. rmsd
    7.51330e+03    9.75730e+03    3.05189e+02    2.86763e+01    3.14948e-06

           Step           Time
          27000       54.00000

   Energies (kJ/mol)
           Bond          Angle Ryckaert-Bell.          LJ-14     Coulomb-14
    6.56337e+02    3.51656e+03    9.68694e+02    2.58614e+02    3.06464e+03
        LJ (SR)   Coulomb (SR)   Coul. recip.      Potential    Kinetic En.
   -1.78393e+03   -6.28333e+03    2.27805e+02    6.25393e+02    6.99947e+03
   Total Energy  Conserved En.    Temperature Pressure (bar)   Constr. rmsd
    7.62486e+03    9.77325e+03    3.00819e+02    2.30295e+02    3.05498e-06

           Step           Time
          27500       55.00000

   Energies (kJ/mol)
           Bond          Angle Ryckaert-Bell.          LJ-14     Coulomb-14
    6.32462e+02    3.32121e+03    9.68030e+02    2.88359e+02    3.06381e+03
        LJ (SR)   Coulomb (SR)   Coul. recip.      Potential    Kinetic En.
   -1.92265e+03   -6.26213e+03    2.15348e+02    3.04448e+02    6.91554e+03
   Total Energy  Conserved En.    Temperature Pressure (bar)   Constr. rmsd
    7.21999e+03    9.75963e+03    2.97212e+02    9.97094e+01    3.07925e-06

           Step           Time
          28000       56.00000

   Energies (kJ/mol)
           Bond          Angle Ryckaert-Bell.          LJ-14     Coulomb-14
    6.16217e+02    3.53744e+03    9.73456e+02    2.60888e+02    3.03886e+03
        LJ (SR)   Coulomb (SR)   Coul. recip.      Potential    Kinetic En.
   -1.96997e+03   -6.04212e+03    2.21778e+02    6.36553e+02    7.03776e+03
   Total Energy  Conserved En.    Temperature Pressure (bar)   Constr. rmsd
    7.67431e+03    9.77075e+03    3.02465e+02   -2.15169e+02    2.90704e-06

           Step           Time
          28500       57.00000

   Energies (kJ/mol)
           Bond          Angle Ryckaert-Bell.          LJ-14     Coulomb-14
    6.14684e+02    3.43616e+03    9.68243e+02    2.52665e+02    3.00141e+03
        LJ (SR)   Coulomb (SR)   Coul. recip.      Potential    Kinetic En.
   -1.92897e+03   -6.11697e+03    1.98090e+02    4.25304e+02    6.86379e+03
   Total Energy  Conserved En.    Temperature Pressure (bar)   Constr. rmsd
    7.28910e+03    9.76902e+03    2.94988e+02   -2.68680e+02    2.95865e-06

           Step           Time
          29000       58.00000

   Energies (kJ/mol)
           Bond          Angle Ryckaert-Bell.          LJ-14     Coulomb-14
    6.39135e+02    3.41415e+03    9.83247e+02    2.36543e+02    2.98925e+03
        LJ (SR)   Coulomb (SR)   Coul. recip.      Potential    Kinetic En.
   -1.89460e+03   -6.10168e+03    2.16245e+02    4.82288e+02    7.12811e+03
   Total Energy  Conserved En.    Temperature Pressure (bar)   Constr. rmsd
    7.61040e+03    9.77100e+03    3.06348e+02   -3.67469e+02    3.09076e-06

           Step           Time
          29500       59.00000

   Energies (kJ/mol)
           Bond          Angle Ryckaert-Bell.          LJ-14     Coulomb-14
    6.16176e+02    3.21068e+03    9.32099e+02    2.49804e+02    3.03405e+03
        LJ (SR)   Coulomb (SR)   Coul. recip.      Potential    Kinetic En.
   -1.73572e+03   -6.39609e+03    2.00689e+02    1.11693e+02    6.82888e+03
   Total Energy  Conserved En.    Temperature Pressure (bar)   Constr. rmsd
    6.94057e+03    9.76097e+03    2.93488e+02   -8.09651e+01    3.02877e-06

           Step           Time
          30000       60.00000

   Energies (kJ/mol)
           Bond          Angle Ryckaert-Bell.          LJ-14     Coulomb-14
    6.40582e+02    3.36598e+03    9.52544e+02    2.36758e+02    3.02045e+03
        LJ (SR)   Coulomb (SR)   Coul. recip.      Potential    Kinetic En.
   -1.93694e+03   -6.30582e+03    1.95240e+02    1.68790e+02    6.92783e+03
   Total Energy  Conserved En.    Temperature Pressure (bar)   Constr. rmsd
    7.09662e+03    9.78094e+03    2.97740e+02   -3.78577e+02    3.02837e-06

           Step           Time
          30500       61.00000

   Energies (kJ/mol)
           Bond          Angle Ryckaert-Bell.          LJ-14     Coulomb-14
    5.65124e+02    3.35818e+03    9.51562e+02    2.65541e+02    2.99943e+03
        LJ (SR)   Coulomb (SR)   Coul. recip.      Potential    Kinetic En.
   -1.93502e+03   -6.26814e+03    1.95515e+02    1.32186e+02    6.93462e+03
   Total Energy  Conserved En.    Temperature Pressure (bar)   Constr. rmsd
    7.06680e+03    9.77084e+03    2.98032e+02   -4.89748e+02    2.91137e-06

           Step           Time
          31000       62.00000

   Energies (kJ/mol)
           Bond          Angle Ryckaert-Bell.          LJ-14     Coulomb-14
    6.17646e+02    3.50223e+03    9.69589e+02    2.39186e+02    3.03627e+03
        LJ (SR)   Coulomb (SR)   Coul. recip.      Potential    Kinetic En.
   -1.87393e+03   -6.44221e+03    2.06577e+02    2.55357e+02    6.74616e+03
   Total Energy  Conserved En.    Temperature Pressure (bar)   Constr. rmsd
    7.00152e+03    9.78699e+03    2.89933e+02   -3.92072e+02    3.11126e-06

           Step           Time
          31500       63.00000

   Energies (kJ/mol)
           Bond          Angle Ryckaert-Bell.          LJ-14     Coulomb-14
    6.22865e+02    3.49843e+03    9.71404e+02    2.50174e+02    3.04350e+03
        LJ (SR)   Coulomb (SR)   Coul. recip.      Potential    Kinetic En.
   -1.82290e+03   -6.50806e+03    2.14752e+02    2.70156e+02    6.98168e+03
   Total Energy  Conserved En.    Temperature Pressure (bar)   Constr. rmsd
    7.25184e+03    9.78427e+03    3.00055e+02   -2.69084e+01    3.09308e-06

           Step           Time
          32000       64.00000

   Energies (kJ/mol)
           Bond          Angle Ryckaert-Bell.          LJ-14     Coulomb-14
    6.05014e+02    3.41572e+03    9.08826e+02    2.58053e+02    3.08411e+03
        LJ (SR)   Coulomb (SR)   Coul. recip.      Potential    Kinetic En.
   -1.91547e+03   -6.37947e+03    1.99765e+02    1.76548e+02    6.79867e+03
   Total Energy  Conserved En.    Temperature Pressure (bar)   Constr. rmsd
    6.97522e+03    9.77700e+03    2.92189e+02    1.10499e+02    3.15659e-06

           Step           Time
          32500       65.00000

   Energies (kJ/mol)
           Bond          Angle Ryckaert-Bell.          LJ-14     Coulomb-14
    6.09664e+02    3.52918e+03    9.54392e+02    2.38682e+02    3.03202e+03
        LJ (SR)   Coulomb (SR)   Coul. recip.      Potential    Kinetic En.
   -1.90993e+03   -6.42889e+03    2.14213e+02    2.39331e+02    6.96926e+03
   Total Energy  Conserved En.    Temperature Pressure (bar)   Constr. rmsd
    7.20859e+03    9.78292e+03    2.99521e+02   -5.83507e+02    3.50444e-06

           Step           Time
          33000       66.00000

   Energies (kJ/mol)
           Bond          Angle Ryckaert-Bell.          LJ-14     Coulomb-14
    5.77033e+02    3.48924e+03    9.41659e+02    2.67467e+02    3.00290e+03
        LJ (SR)   Coulomb (SR)   Coul. recip.      Potential    Kinetic En.
   -1.90988e+03   -6.35561e+03    2.22224e+02    2.35036e+02    7.11336e+03
   Total Energy  Conserved En.    Temperature Pressure (bar)   Constr. rmsd
    7.34839e+03    9.77762e+03    3.05714e+02   -1.65442e+02    3.21651e-06

           Step           Time
          33500       67.00000

   Energies (kJ/mol)
           Bond          Angle Ryckaert-Bell.          LJ-14     Coulomb-14
    6.14426e+02    3.50313e+03    9.70607e+02    2.36371e+02    3.07395e+03
        LJ (SR)   Coulomb (SR)   Coul. recip.      Potential    Kinetic En.
   -1.97376e+03   -6.50537e+03    1.95812e+02    1.15167e+02    6.91873e+03
   Total Energy  Conserved En.    Temperature Pressure (bar)   Constr. rmsd
    7.03390e+03    9.78557e+03    2.97349e+02   -4.02204e+02    3.10213e-06

           Step           Time
          34000       68.00000

   Energies (kJ/mol)
           Bond          Angle Ryckaert-Bell.          LJ-14     Coulomb-14
    5.79525e+02    3.53883e+03    9.28804e+02    2.61966e+02    3.00676e+03
        LJ (SR)   Coulomb (SR)   Coul. recip.      Potential    Kinetic En.
   -2.07141e+03   -6.46613e+03    2.01082e+02   -2.05810e+01    6.91630e+03
   Total Energy  Conserved En.    Temperature Pressure (bar)   Constr. rmsd
    6.89572e+03    9.78043e+03    2.97245e+02   -1.45854e+02    3.15338e-06

           Step           Time
          34500       69.00000

   Energies (kJ/mol)
           Bond          Angle Ryckaert-Bell.          LJ-14     Coulomb-14
    5.97997e+02    3.49540e+03    9.72266e+02    2.68870e+02    3.02315e+03
        LJ (SR)   Coulomb (SR)   Coul. recip.      Potential    Kinetic En.
   -1.90617e+03   -6.50391e+03    2.19609e+02    1.67206e+02    6.99911e+03
   Total Energy  Conserved En.    Temperature Pressure (bar)   Constr. rmsd
    7.16631e+03    9.78229e+03    3.00804e+02    4.89096e+02    3.18724e-06

           Step           Time
          35000       70.00000

   Energies (kJ/mol)
           Bond          Angle Ryckaert-Bell.          LJ-14     Coulomb-14
    6.01444e+02    3.44087e+03    9.03276e+02    2.47579e+02    3.02597e+03
        LJ (SR)   Coulomb (SR)   Coul. recip.      Potential    Kinetic En.
   -2.12235e+03   -6.33354e+03    1.86623e+02   -5.01316e+01    6.88186e+03
   Total Energy  Conserved En.    Temperature Pressure (bar)   Constr. rmsd
    6.83173e+03    9.78809e+03    2.95765e+02    4.92994e+01    2.83028e-06

           Step           Time
          35500       71.00000

   Energies (kJ/mol)
           Bond          Angle Ryckaert-Bell.          LJ-14     Coulomb-14
    6.07116e+02    3.41324e+03    9.76974e+02    2.52131e+02    3.02582e+03
        LJ (SR)   Coulomb (SR)   Coul. recip.      Potential    Kinetic En.
   -1.97617e+03   -6.40608e+03    2.03808e+02    9.68309e+01    6.99329e+03
   Total Energy  Conserved En.    Temperature Pressure (bar)   Constr. rmsd
    7.09012e+03    9.78210e+03    3.00554e+02   -1.70220e+01    3.09671e-06

           Step           Time
          36000       72.00000

   Energies (kJ/mol)
           Bond          Angle Ryckaert-Bell.          LJ-14     Coulomb-14
    5.61315e+02    3.47749e+03    9.32445e+02    2.64308e+02    3.03235e+03
        LJ (SR)   Coulomb (SR)   Coul. recip.      Potential    Kinetic En.
   -1.94483e+03   -6.59565e+03    2.16447e+02   -5.61290e+01    6.78292e+03
   Total Energy  Conserved En.    Temperature Pressure (bar)   Constr. rmsd
    6.72679e+03    9.79689e+03    2.91512e+02   -1.38505e+02    2.85260e-06

           Step           Time
          36500       73.00000

   Energies (kJ/mol)
           Bond          Angle Ryckaert-Bell.          LJ-14     Coulomb-14
    6.30129e+02    3.35772e+03    9.75727e+02    2.61398e+02    3.04541e+03
        LJ (SR)   Coulomb (SR)   Coul. recip.      Potential    Kinetic En.
   -2.02310e+03   -6.56725e+03    2.17109e+02   -1.02859e+02    6.85917e+03
   Total Energy  Conserved En.    Temperature Pressure (bar)   Constr. rmsd
    6.75631e+03    9.77994e+03    2.94790e+02   -3.45448e+02    2.91232e-06

           Step           Time
          37000       74.00000

   Energies (kJ/mol)
           Bond          Angle Ryckaert-Bell.          LJ-14     Coulomb-14
    5.96614e+02    3.46087e+03    9.31293e+02    2.42883e+02    3.03201e+03
        LJ (SR)   Coulomb (SR)   Coul. recip.      Potential    Kinetic En.
   -1.93017e+03   -6.47087e+03    2.15246e+02    7.78736e+01    6.99219e+03
   Total Energy  Conserved En.    Temperature Pressure (bar)   Constr. rmsd
    7.07006e+03    9.77991e+03    3.00506e+02   -3.37924e+02    3.05997e-06

           Step           Time
          37500       75.00000

   Energies (kJ/mol)
           Bond          Angle Ryckaert-Bell.          LJ-14     Coulomb-14
    6.26430e+02    3.46303e+03    9.52837e+02    2.70229e+02    3.01919e+03
        LJ (SR)   Coulomb (SR)   Coul. recip.      Potential    Kinetic En.
   -2.08727e+03   -6.34003e+03    1.93832e+02    9.82556e+01    6.67208e+03
   Total Energy  Conserved En.    Temperature Pressure (bar)   Constr. rmsd
    6.77034e+03    9.79520e+03    2.86749e+02   -1.37413e+02    2.96620e-06

           Step           Time
          38000       76.00000

   Energies (kJ/mol)
           Bond          Angle Ryckaert-Bell.          LJ-14     Coulomb-14
    6.41745e+02    3.54366e+03    9.63460e+02    2.56899e+02    2.98931e+03
        LJ (SR)   Coulomb (SR)   Coul. recip.      Potential    Kinetic En.
   -2.06150e+03   -6.29573e+03    1.83479e+02    2.21324e+02    6.87120e+03
   Total Energy  Conserved En.    Temperature Pressure (bar)   Constr. rmsd
    7.09252e+03    9.79389e+03    2.95307e+02   -2.15938e+02    2.85301e-06

           Step           Time
          38500       77.00000

   Energies (kJ/mol)
           Bond          Angle Ryckaert-Bell.          LJ-14     Coulomb-14
    5.57426e+02    3.41304e+03    9.46841e+02    2.47930e+02    3.06636e+03
        LJ (SR)   Coulomb (SR)   Coul. recip.      Potential    Kinetic En.
   -1.92135e+03   -6.64321e+03    1.99008e+02   -1.33957e+02    6.90850e+03
   Total Energy  Conserved En.    Temperature Pressure (bar)   Constr. rmsd
    6.77454e+03    9.78884e+03    2.96909e+02    8.22596e+00    3.27157e-06

           Step           Time
          39000       78.00000

   Energies (kJ/mol)
           Bond          Angle Ryckaert-Bell.          LJ-14     Coulomb-14
    5.62113e+02    3.45940e+03    9.61451e+02    2.70901e+02    2.99191e+03
        LJ (SR)   Coulomb (SR)   Coul. recip.      Potential    Kinetic En.
   -1.87672e+03   -6.58109e+03    1.89732e+02   -2.22980e+01    6.83380e+03
   Total Energy  Conserved En.    Temperature Pressure (bar)   Constr. rmsd
    6.81150e+03    9.78962e+03    2.93699e+02    7.10257e+02    3.19911e-06

           Step           Time
          39500       79.00000

   Energies (kJ/mol)
           Bond          Angle Ryckaert-Bell.          LJ-14     Coulomb-14
    5.74971e+02    3.45974e+03    1.04442e+03    2.70728e+02    3.00709e+03
        LJ (SR)   Coulomb (SR)   Coul. recip.      Potential    Kinetic En.
   -1.72377e+03   -6.67291e+03    2.23544e+02    1.83812e+02    7.01311e+03
   Total Energy  Conserved En.    Temperature Pressure (bar)   Constr. rmsd
    7.19692e+03    9.78343e+03    3.01405e+02    2.36023e+02    3.23205e-06

           Step           Time
          40000       80.00000

   Energies (kJ/mol)
           Bond          Angle Ryckaert-Bell.          LJ-14     Coulomb-14
    6.06664e+02    3.67131e+03    9.56941e+02    2.38171e+02    3.01906e+03
        LJ (SR)   Coulomb (SR)   Coul. recip.      Potential    Kinetic En.
   -1.83386e+03   -6.52181e+03    2.11902e+02    3.48370e+02    6.95193e+03
   Total Energy  Conserved En.    Temperature Pressure (bar)   Constr. rmsd
    7.30030e+03    9.80714e+03    2.98776e+02   -2.15164e+02    3.34983e-06

           Step           Time
          40500       81.00000

   Energies (kJ/mol)
           Bond          Angle Ryckaert-Bell.          LJ-14     Coulomb-14
    7.08227e+02    3.37876e+03    9.68506e+02    2.60726e+02    2.95351e+03
        LJ (SR)   Coulomb (SR)   Coul. recip.      Potential    Kinetic En.
   -2.09572e+03   -6.27411e+03    2.28106e+02    1.28004e+02    6.92853e+03
   Total Energy  Conserved En.    Temperature Pressure (bar)   Constr. rmsd
    7.05654e+03    9.79355e+03    2.97771e+02   -6.36104e+02    3.09988e-06

           Step           Time
          41000       82.00000

   Energies (kJ/mol)
           Bond          Angle Ryckaert-Bell.          LJ-14     Coulomb-14
    5.96936e+02    3.36978e+03    1.00878e+03    2.52680e+02    2.97611e+03
        LJ (SR)   Coulomb (SR)   Coul. recip.      Potential    Kinetic En.
   -1.78200e+03   -6.72927e+03    1.82060e+02   -1.24920e+02    6.84115e+03
   Total Energy  Conserved En.    Temperature Pressure (bar)   Constr. rmsd
    6.71623e+03    9.78788e+03    2.94015e+02    1.62109e+02    3.12150e-06

           Step           Time
          41500       83.00000

   Energies (kJ/mol)
           Bond          Angle Ryckaert-Bell.          LJ-14     Coulomb-14
    6.09923e+02    3.28385e+03    9.89133e+02    2.59168e+02    3.04091e+03
        LJ (SR)   Coulomb (SR)   Coul. recip.      Potential    Kinetic En.
   -2.06298e+03   -6.50539e+03    1.91980e+02   -1.93411e+02    6.77960e+03
   Total Energy  Conserved En.    Temperature Pressure (bar)   Constr. rmsd
    6.58619e+03    9.79177e+03    2.91370e+02   -2.61365e+02    3.14154e-06

           Step           Time
          42000       84.00000

   Energies (kJ/mol)
           Bond          Angle Ryckaert-Bell.          LJ-14     Coulomb-14
    6.53477e+02    3.37335e+03    9.41332e+02    2.42624e+02    2.97208e+03
        LJ (SR)   Coulomb (SR)   Coul. recip.      Potential    Kinetic En.
   -2.01196e+03   -6.49299e+03    1.90499e+02   -1.31588e+02    6.82755e+03
   Total Energy  Conserved En.    Temperature Pressure (bar)   Constr. rmsd
    6.69596e+03    9.79590e+03    2.93430e+02   -2.00514e+02    2.97292e-06

           Step           Time
          42500       85.00000

   Energies (kJ/mol)
           Bond          Angle Ryckaert-Bell.          LJ-14     Coulomb-14
    5.60426e+02    3.51821e+03    1.00610e+03    2.69104e+02    2.97385e+03
        LJ (SR)   Coulomb (SR)   Coul. recip.      Potential    Kinetic En.
   -1.89023e+03   -6.53304e+03    1.90295e+02    9.47043e+01    7.01973e+03
   Total Energy  Conserved En.    Temperature Pressure (bar)   Constr. rmsd
    7.11443e+03    9.79809e+03    3.01690e+02   -1.02159e+02    2.98181e-06

           Step           Time
          43000       86.00000

   Energies (kJ/mol)
           Bond          Angle Ryckaert-Bell.          LJ-14     Coulomb-14
    6.77971e+02    3.30283e+03    9.79658e+02    2.38786e+02    2.95357e+03
        LJ (SR)   Coulomb (SR)   Coul. recip.      Potential    Kinetic En.
   -1.90065e+03   -6.50639e+03    2.12182e+02   -4.20466e+01    7.02265e+03
   Total Energy  Conserved En.    Temperature Pressure (bar)   Constr. rmsd
    6.98060e+03    9.78650e+03    3.01815e+02   -1.52711e+02    3.09130e-06

           Step           Time
          43500       87.00000

   Energies (kJ/mol)
           Bond          Angle Ryckaert-Bell.          LJ-14     Coulomb-14
    6.90951e+02    3.44655e+03    9.60027e+02    2.34827e+02    2.97567e+03
        LJ (SR)   Coulomb (SR)   Coul. recip.      Potential    Kinetic En.
   -1.90627e+03   -6.51151e+03    2.04474e+02    9.47171e+01    6.80877e+03
   Total Energy  Conserved En.    Temperature Pressure (bar)   Constr. rmsd
    6.90349e+03    9.80576e+03    2.92623e+02   -7.82020e+01    2.84467e-06

           Step           Time
          44000       88.00000

   Energies (kJ/mol)
           Bond          Angle Ryckaert-Bell.          LJ-14     Coulomb-14
    6.39659e+02    3.48040e+03    9.30747e+02    2.35645e+02    2.94288e+03
        LJ (SR)   Coulomb (SR)   Coul. recip.      Potential    Kinetic En.
   -2.08031e+03   -6.24243e+03    2.00627e+02    1.07211e+02    7.22247e+03
   Total Energy  Conserved En.    Temperature Pressure (bar)   Constr. rmsd
    7.32968e+03    9.80049e+03    3.10403e+02   -2.36503e+02    3.39050e-06

           Step           Time
          44500       89.00000

   Energies (kJ/mol)
           Bond          Angle Ryckaert-Bell.          LJ-14     Coulomb-14
    5.97030e+02    3.41754e+03    9.44500e+02    2.55221e+02    3.00143e+03
        LJ (SR)   Coulomb (SR)   Coul. recip.      Potential    Kinetic En.
   -1.89330e+03   -6.63185e+03    1.93334e+02   -1.16095e+02    6.97708e+03
   Total Energy  Conserved En.    Temperature Pressure (bar)   Constr. rmsd
    6.86099e+03    9.79807e+03    2.99857e+02   -3.96824e+01    2.95824e-06

           Step           Time
          45000       90.00000

   Energies (kJ/mol)
           Bond          Angle Ryckaert-Bell.          LJ-14     Coulomb-14
    6.42267e+02    3.58286e+03    9.18075e+02    2.50231e+02    2.97787e+03
        LJ (SR)   Coulomb (SR)   Coul. recip.      Potential    Kinetic En.
   -1.88876e+03   -6.43741e+03    1.94641e+02    2.39771e+02    6.78136e+03
   Total Energy  Conserved En.    Temperature Pressure (bar)   Constr. rmsd
    7.02114e+03    9.82342e+03    2.91446e+02   -2.11521e+02    3.16390e-06

           Step           Time
          45500       91.00000

   Energies (kJ/mol)
           Bond          Angle Ryckaert-Bell.          LJ-14     Coulomb-14
    6.99327e+02    3.53551e+03    9.10401e+02    2.45774e+02    2.99610e+03
        LJ (SR)   Coulomb (SR)   Coul. recip.      Potential    Kinetic En.
   -1.88130e+03   -6.48709e+03    1.95376e+02    2.14100e+02    7.25904e+03
   Total Energy  Conserved En.    Temperature Pressure (bar)   Constr. rmsd
    7.47314e+03    9.80349e+03    3.11975e+02    1.73854e+02    3.28032e-06

           Step           Time
          46000       92.00000

   Energies (kJ/mol)
           Bond          Angle Ryckaert-Bell.          LJ-14     Coulomb-14
    5.90509e+02    3.35725e+03    9.91377e+02    2.63937e+02    2.97399e+03
        LJ (SR)   Coulomb (SR)   Coul. recip.      Potential    Kinetic En.
   -1.87875e+03   -6.55317e+03    2.24030e+02   -3.08170e+01    6.93389e+03
   Total Energy  Conserved En.    Temperature Pressure (bar)   Constr. rmsd
    6.90307e+03    9.80401e+03    2.98001e+02    1.26860e+02    2.95834e-06

           Step           Time
          46500       93.00000

   Energies (kJ/mol)
           Bond          Angle Ryckaert-Bell.          LJ-14     Coulomb-14
    6.62530e+02    3.35511e+03    9.48650e+02    2.46820e+02    3.02988e+03
        LJ (SR)   Coulomb (SR)   Coul. recip.      Potential    Kinetic En.
   -1.78773e+03   -6.75575e+03    2.09024e+02   -9.14622e+01    6.85913e+03
   Total Energy  Conserved En.    Temperature Pressure (bar)   Constr. rmsd
    6.76767e+03    9.81036e+03    2.94788e+02   -1.74523e+02    3.01089e-06

           Step           Time
          47000       94.00000

   Energies (kJ/mol)
           Bond          Angle Ryckaert-Bell.          LJ-14     Coulomb-14
    5.98270e+02    3.42098e+03    9.73059e+02    2.48104e+02    2.99312e+03
        LJ (SR)   Coulomb (SR)   Coul. recip.      Potential    Kinetic En.
   -1.92740e+03   -6.55743e+03    2.34106e+02   -1.71944e+01    6.84431e+03
   Total Energy  Conserved En.    Temperature Pressure (bar)   Constr. rmsd
    6.82712e+03    9.81201e+03    2.94151e+02    3.33263e+02    2.91216e-06

           Step           Time
          47500       95.00000

   Energies (kJ/mol)
           Bond          Angle Ryckaert-Bell.          LJ-14     Coulomb-14
    5.66671e+02    3.51203e+03    9.52805e+02    2.42660e+02    2.99501e+03
        LJ (SR)   Coulomb (SR)   Coul. recip.      Potential    Kinetic En.
   -1.98780e+03   -6.46985e+03    2.10726e+02    2.22548e+01    6.84660e+03
   Total Energy  Conserved En.    Temperature Pressure (bar)   Constr. rmsd
    6.86886e+03    9.82370e+03    2.94249e+02    2.55925e+02    2.97700e-06

           Step           Time
          48000       96.00000

   Energies (kJ/mol)
           Bond          Angle Ryckaert-Bell.          LJ-14     Coulomb-14
    5.98547e+02    3.59018e+03    1.00821e+03    2.60714e+02    2.99285e+03
        LJ (SR)   Coulomb (SR)   Coul. recip.      Potential    Kinetic En.
   -1.94879e+03   -6.53370e+03    2.08793e+02    1.76812e+02    6.99789e+03
   Total Energy  Conserved En.    Temperature Pressure (bar)   Constr. rmsd
    7.17470e+03    9.82853e+03    3.00751e+02    1.79288e+02    2.93255e-06

           Step           Time
          48500       97.00000

   Energies (kJ/mol)
           Bond          Angle Ryckaert-Bell.          LJ-14     Coulomb-14
    6.32748e+02    3.45864e+03    9.54331e+02    2.45468e+02    3.01192e+03
        LJ (SR)   Coulomb (SR)   Coul. recip.      Potential    Kinetic En.
   -1.85111e+03   -6.79765e+03    1.93235e+02   -1.52421e+02    7.00447e+03
   Total Energy  Conserved En.    Temperature Pressure (bar)   Constr. rmsd
    6.85205e+03    9.82692e+03    3.01034e+02   -2.30818e+02    3.06011e-06

           Step           Time
          49000       98.00000

   Energies (kJ/mol)
           Bond          Angle Ryckaert-Bell.          LJ-14     Coulomb-14
    6.84585e+02    3.58108e+03    9.47066e+02    2.40898e+02    3.00148e+03
        LJ (SR)   Coulomb (SR)   Coul. recip.      Potential    Kinetic En.
   -1.88793e+03   -6.56806e+03    1.99725e+02    1.98852e+02    7.06907e+03
   Total Energy  Conserved En.    Temperature Pressure (bar)   Constr. rmsd
    7.26792e+03    9.81995e+03    3.03810e+02   -1.01976e+03    3.45317e-06

           Step           Time
          49500       99.00000

   Energies (kJ/mol)
           Bond          Angle Ryckaert-Bell.          LJ-14     Coulomb-14
    6.10868e+02    3.33143e+03    9.70577e+02    2.69634e+02    3.01212e+03
        LJ (SR)   Coulomb (SR)   Coul. recip.      Potential    Kinetic En.
   -1.99783e+03   -6.44294e+03    2.00877e+02   -4.52714e+01    6.79718e+03
   Total Energy  Conserved En.    Temperature Pressure (bar)   Constr. rmsd
    6.75191e+03    9.80530e+03    2.92125e+02    2.81079e+01    3.22926e-06

           Step           Time
          50000      100.00000

Writing checkpoint, step 50000 at Sat Jun 21 10:06:44 2025


   Energies (kJ/mol)
           Bond          Angle Ryckaert-Bell.          LJ-14     Coulomb-14
    6.44375e+02    3.30689e+03    9.22623e+02    2.48888e+02    2.98918e+03
        LJ (SR)   Coulomb (SR)   Coul. recip.      Potential    Kinetic En.
   -1.95683e+03   -6.58348e+03    1.83732e+02   -2.44628e+02    7.00973e+03
   Total Energy  Conserved En.    Temperature Pressure (bar)   Constr. rmsd
    6.76511e+03    9.81429e+03    3.01260e+02   -6.03906e+01    3.26258e-06


Energy conservation over simulation part #1 of length 100 ps, time 0 to 100 ps
  Conserved energy drift: 1.69e-03 kJ/mol/ps per atom


	<======  ###############  ==>
	<====  A V E R A G E S  ====>
	<==  ###############  ======>

	Statistics over 50001 steps using 501 frames

   Energies (kJ/mol)
           Bond          Angle Ryckaert-Bell.          LJ-14     Coulomb-14
    5.79705e+02    3.23600e+03    1.00616e+03    2.53709e+02    2.94977e+03
        LJ (SR)   Coulomb (SR)   Coul. recip.      Potential    Kinetic En.
   -1.76959e+03   -5.69072e+03    2.29264e+02    7.94298e+02    6.93777e+03
   Total Energy  Conserved En.    Temperature Pressure (bar)   Constr. rmsd
    7.73207e+03    9.75489e+03    2.98168e+02   -4.75716e+01    0.00000e+00

   Total Virial (kJ/mol)
    2.49585e+03   -2.75529e-01   -1.02849e+01
   -2.75598e-01    2.31673e+03    2.44592e+00
   -1.02848e+01    2.44592e+00    2.40022e+03

   Pressure (bar)
   -9.62110e+01    9.04034e-01    6.21491e+00
    9.04069e-01   -3.01334e-01    2.37718e+00
    6.21488e+00    2.37718e+00   -4.62026e+01


	M E G A - F L O P S   A C C O U N T I N G

 NB=Group-cutoff nonbonded kernels    NxN=N-by-N cluster Verlet kernels
 RF=Reaction-Field  VdW=Van der Waals  QSTab=quadratic-spline table
 W3=SPC/TIP3p  W4=TIP4p (single or pairs)
 V&F=Potential and force  V=Potential only  F=Force only

 Computing:                               M-Number         M-Flops  % Flops
-----------------------------------------------------------------------------
 Pair Search distance check             326.152544        2935.373     0.1
 NxN Ewald Elec. + LJ [F]             54389.792160     3589726.283    88.1
 NxN Ewald Elec. + LJ [V&F]             550.545856       58908.407     1.4
 NxN Ewald Elec. [F]                   1029.786912       62817.002     1.5
 NxN Ewald Elec. [V&F]                   10.425376         875.732     0.0
 1,4 nonbonded interactions             135.002700       12150.243     0.3
 Calc Weights                           360.007200       12960.259     0.3
 Spread Q Bspline                      7680.153600       15360.307     0.4
 Gather F Bspline                      7680.153600       46080.922     1.1
 3D-FFT                               21768.435360      174147.483     4.3
 Solve PME                              406.258125       26000.520     0.6
 Reset In Box                             1.202400           3.607     0.0
 CG-CoM                                   1.204800           3.614     0.0
 Bonds                                   25.000500        1475.029     0.0
 Angles                                 165.003300       27720.554     0.7
 RB-Dihedrals                           140.002800       34580.692     0.8
 Virial                                   1.224945          22.049     0.0
 Stop-CM                                  1.204800          12.048     0.0
 Calc-Ekin                               24.004800         648.130     0.0
 Lincs                                   80.004800        4800.288     0.1
 Lincs-Mat                              660.039600        2640.158     0.1
 Constraint-V                           160.006400        1440.058     0.0
 Constraint-Vir                           0.801600          19.238     0.0
-----------------------------------------------------------------------------
 Total                                                 4075327.995   100.0
-----------------------------------------------------------------------------


    D O M A I N   D E C O M P O S I T I O N   S T A T I S T I C S

 av. #atoms communicated per step for force:  2 x 0.0


      R E A L   C Y C L E   A N D   T I M E   A C C O U N T I N G

On 1 MPI rank, each using 4 OpenMP threads

 Activity:              Num   Num      Call    Wall time         Giga-Cycles
                        Ranks Threads  Count      (s)         total sum    %
--------------------------------------------------------------------------------
 Domain decomp.            1    4        501       0.234          3.455   0.5
 Neighbor search           1    4        501       0.557          8.230   1.2
 Force                     1    4      50001      31.420        463.939  68.7
 PME mesh                  1    4      50001      10.152        149.908  22.2
 NB X/F buffer ops.        1    4      99501       0.704         10.393   1.5
 Write traj.               1    4        101       0.137          2.023   0.3
 Update                    1    4      50001       0.352          5.198   0.8
 Constraints               1    4      50003       1.795         26.505   3.9
 Rest                                              0.396          5.851   0.9
--------------------------------------------------------------------------------
 Total                                            45.748        675.503 100.0
--------------------------------------------------------------------------------
 Breakdown of PME mesh activities
--------------------------------------------------------------------------------
 PME spread                1    4      50001       3.175         46.877   6.9
 PME gather                1    4      50001       2.267         33.467   5.0
 PME 3D-FFT                1    4     100002       4.108         60.665   9.0
 PME solve Elec            1    4      50001       0.521          7.689   1.1
--------------------------------------------------------------------------------

               Core t (s)   Wall t (s)        (%)
       Time:      182.991       45.748      400.0
                 (ns/day)    (hour/ns)
Performance:      188.865        0.127
Finished mdrun on rank 0 Sat Jun 21 10:06:45 2025

